[debug] [2023-08-27T01:12:00.548Z] ----------------------------------------------------------------------
[debug] [2023-08-27T01:12:00.549Z] Command:       /Users/Ethan/.nvm/versions/node/v18.17.1/bin/node /opt/homebrew/bin/firebase deploy
[debug] [2023-08-27T01:12:00.549Z] CLI Version:   12.1.0
[debug] [2023-08-27T01:12:00.549Z] Platform:      darwin
[debug] [2023-08-27T01:12:00.549Z] Node Version:  v18.17.1
[debug] [2023-08-27T01:12:00.550Z] Time:          Sun Aug 27 2023 11:12:00 GMT+1000 (Australian Eastern Standard Time)
[debug] [2023-08-27T01:12:00.550Z] ----------------------------------------------------------------------
[debug] 
[debug] [2023-08-27T01:12:00.584Z] > command requires scopes: ["email","openid","https://www.googleapis.com/auth/cloudplatformprojects.readonly","https://www.googleapis.com/auth/firebase","https://www.googleapis.com/auth/cloud-platform"]
[debug] [2023-08-27T01:12:00.585Z] > authorizing via signed-in user (breaking0203@gmail.com)
[debug] [2023-08-27T01:12:00.585Z] [iam] checking project syncs-hack-2023 for permissions ["firebase.projects.get","firebasehosting.sites.update"]
[debug] [2023-08-27T01:12:00.586Z] >>> [apiv2][query] POST https://cloudresourcemanager.googleapis.com/v1/projects/syncs-hack-2023:testIamPermissions [none]
[debug] [2023-08-27T01:12:00.586Z] >>> [apiv2][(partial)header] POST https://cloudresourcemanager.googleapis.com/v1/projects/syncs-hack-2023:testIamPermissions x-goog-quota-user=projects/syncs-hack-2023
[debug] [2023-08-27T01:12:00.586Z] >>> [apiv2][body] POST https://cloudresourcemanager.googleapis.com/v1/projects/syncs-hack-2023:testIamPermissions {"permissions":["firebase.projects.get","firebasehosting.sites.update"]}
[debug] [2023-08-27T01:12:00.973Z] <<< [apiv2][status] POST https://cloudresourcemanager.googleapis.com/v1/projects/syncs-hack-2023:testIamPermissions 200
[debug] [2023-08-27T01:12:00.973Z] <<< [apiv2][body] POST https://cloudresourcemanager.googleapis.com/v1/projects/syncs-hack-2023:testIamPermissions {"permissions":["firebase.projects.get","firebasehosting.sites.update"]}
[debug] [2023-08-27T01:12:00.973Z] >>> [apiv2][query] GET https://firebase.googleapis.com/v1beta1/projects/syncs-hack-2023 [none]
[debug] [2023-08-27T01:12:01.703Z] <<< [apiv2][status] GET https://firebase.googleapis.com/v1beta1/projects/syncs-hack-2023 200
[debug] [2023-08-27T01:12:01.704Z] <<< [apiv2][body] GET https://firebase.googleapis.com/v1beta1/projects/syncs-hack-2023 {"projectId":"syncs-hack-2023","projectNumber":"889434581645","displayName":"syncs-hack-2023","name":"projects/syncs-hack-2023","resources":{"hostingSite":"syncs-hack-2023","storageBucket":"syncs-hack-2023.appspot.com","locationId":"asia-east1"},"state":"ACTIVE","etag":"1_47d16340-aa6b-4205-834f-fbd0d35c7236"}
[debug] [2023-08-27T01:12:02.788Z] >>> [apiv2][query] GET https://firebasehosting.googleapis.com/v1beta1/projects/syncs-hack-2023/sites pageToken=&pageSize=10
[debug] [2023-08-27T01:12:04.588Z] <<< [apiv2][status] GET https://firebasehosting.googleapis.com/v1beta1/projects/syncs-hack-2023/sites 200
[debug] [2023-08-27T01:12:04.588Z] <<< [apiv2][body] GET https://firebasehosting.googleapis.com/v1beta1/projects/syncs-hack-2023/sites {"sites":[{"name":"projects/syncs-hack-2023/sites/syncs-hack-2023","defaultUrl":"https://syncs-hack-2023.web.app","type":"DEFAULT_SITE"}]}
[debug] [2023-08-27T01:12:04.589Z] >>> [apiv2][query] GET https://firebasehosting.googleapis.com/v1beta1/projects/syncs-hack-2023/sites 
[debug] [2023-08-27T01:12:05.892Z] <<< [apiv2][status] GET https://firebasehosting.googleapis.com/v1beta1/projects/syncs-hack-2023/sites 200
[debug] [2023-08-27T01:12:05.892Z] <<< [apiv2][body] GET https://firebasehosting.googleapis.com/v1beta1/projects/syncs-hack-2023/sites {"sites":[{"name":"projects/syncs-hack-2023/sites/syncs-hack-2023","defaultUrl":"https://syncs-hack-2023.web.app","type":"DEFAULT_SITE"}]}
[debug] [2023-08-27T01:12:05.894Z] >>> [apiv2][query] GET https://firebase.googleapis.com/v1beta1/projects/syncs-hack-2023/webApps/-/config [none]
[debug] [2023-08-27T01:12:07.660Z] <<< [apiv2][status] GET https://firebase.googleapis.com/v1beta1/projects/syncs-hack-2023/webApps/-/config 200
[debug] [2023-08-27T01:12:07.661Z] <<< [apiv2][body] GET https://firebase.googleapis.com/v1beta1/projects/syncs-hack-2023/webApps/-/config {"projectId":"syncs-hack-2023","appId":"1:889434581645:web:c6e07f55241380373d50c4","storageBucket":"syncs-hack-2023.appspot.com","locationId":"asia-east1","apiKey":"AIzaSyB54nr8Kf0B93FP5lCM_u0q0S6KnetybzM","authDomain":"syncs-hack-2023.firebaseapp.com","messagingSenderId":"889434581645","measurementId":"G-1TNP3QXPE0"}
[debug] [2023-08-27T01:12:45.205Z] > command requires scopes: ["email","openid","https://www.googleapis.com/auth/cloudplatformprojects.readonly","https://www.googleapis.com/auth/firebase","https://www.googleapis.com/auth/cloud-platform"]
[debug] [2023-08-27T01:12:45.205Z] > authorizing via signed-in user (breaking0203@gmail.com)
[debug] [2023-08-27T01:12:45.205Z] [iam] checking project syncs-hack-2023 for permissions ["cloudfunctions.functions.create","cloudfunctions.functions.delete","cloudfunctions.functions.get","cloudfunctions.functions.list","cloudfunctions.functions.update","cloudfunctions.operations.get","firebase.projects.get"]
[debug] [2023-08-27T01:12:45.206Z] >>> [apiv2][query] POST https://cloudresourcemanager.googleapis.com/v1/projects/syncs-hack-2023:testIamPermissions [none]
[debug] [2023-08-27T01:12:45.206Z] >>> [apiv2][(partial)header] POST https://cloudresourcemanager.googleapis.com/v1/projects/syncs-hack-2023:testIamPermissions x-goog-quota-user=projects/syncs-hack-2023
[debug] [2023-08-27T01:12:45.206Z] >>> [apiv2][body] POST https://cloudresourcemanager.googleapis.com/v1/projects/syncs-hack-2023:testIamPermissions {"permissions":["cloudfunctions.functions.create","cloudfunctions.functions.delete","cloudfunctions.functions.get","cloudfunctions.functions.list","cloudfunctions.functions.update","cloudfunctions.operations.get","firebase.projects.get"]}
[debug] [2023-08-27T01:12:46.609Z] <<< [apiv2][status] POST https://cloudresourcemanager.googleapis.com/v1/projects/syncs-hack-2023:testIamPermissions 200
[debug] [2023-08-27T01:12:46.609Z] <<< [apiv2][body] POST https://cloudresourcemanager.googleapis.com/v1/projects/syncs-hack-2023:testIamPermissions {"permissions":["cloudfunctions.functions.create","cloudfunctions.functions.delete","cloudfunctions.functions.get","cloudfunctions.functions.list","cloudfunctions.functions.update","cloudfunctions.operations.get","firebase.projects.get"]}
[info] 
[info] === Deploying to 'syncs-hack-2023'...
[info] 
[info] i  deploying functions, hosting 
[debug] [2023-08-27T01:12:46.611Z] >>> [apiv2][query] GET https://firebase.googleapis.com/v1beta1/projects/syncs-hack-2023 [none]
[debug] [2023-08-27T01:12:47.465Z] <<< [apiv2][status] GET https://firebase.googleapis.com/v1beta1/projects/syncs-hack-2023 200
[debug] [2023-08-27T01:12:47.465Z] <<< [apiv2][body] GET https://firebase.googleapis.com/v1beta1/projects/syncs-hack-2023 {"projectId":"syncs-hack-2023","projectNumber":"889434581645","displayName":"syncs-hack-2023","name":"projects/syncs-hack-2023","resources":{"hostingSite":"syncs-hack-2023","storageBucket":"syncs-hack-2023.appspot.com","locationId":"asia-east1"},"state":"ACTIVE","etag":"1_47d16340-aa6b-4205-834f-fbd0d35c7236"}
[info] i  functions: preparing codebase firebase-frameworks-syncs-hack-2023 for deployment 
[info] i  functions: ensuring required API cloudfunctions.googleapis.com is enabled... 
[info] i  functions: ensuring required API cloudbuild.googleapis.com is enabled... 
[info] i  artifactregistry: ensuring required API artifactregistry.googleapis.com is enabled... 
[debug] [2023-08-27T01:12:47.469Z] >>> [apiv2][query] GET https://serviceusage.googleapis.com/v1/projects/syncs-hack-2023/services/cloudfunctions.googleapis.com [none]
[debug] [2023-08-27T01:12:47.470Z] >>> [apiv2][(partial)header] GET https://serviceusage.googleapis.com/v1/projects/syncs-hack-2023/services/cloudfunctions.googleapis.com x-goog-quota-user=projects/syncs-hack-2023
[debug] [2023-08-27T01:12:47.473Z] >>> [apiv2][query] GET https://serviceusage.googleapis.com/v1/projects/syncs-hack-2023/services/runtimeconfig.googleapis.com [none]
[debug] [2023-08-27T01:12:47.473Z] >>> [apiv2][(partial)header] GET https://serviceusage.googleapis.com/v1/projects/syncs-hack-2023/services/runtimeconfig.googleapis.com x-goog-quota-user=projects/syncs-hack-2023
[debug] [2023-08-27T01:12:47.475Z] >>> [apiv2][query] GET https://serviceusage.googleapis.com/v1/projects/syncs-hack-2023/services/cloudbuild.googleapis.com [none]
[debug] [2023-08-27T01:12:47.475Z] >>> [apiv2][(partial)header] GET https://serviceusage.googleapis.com/v1/projects/syncs-hack-2023/services/cloudbuild.googleapis.com x-goog-quota-user=projects/syncs-hack-2023
[debug] [2023-08-27T01:12:47.479Z] >>> [apiv2][query] GET https://serviceusage.googleapis.com/v1/projects/syncs-hack-2023/services/artifactregistry.googleapis.com [none]
[debug] [2023-08-27T01:12:47.479Z] >>> [apiv2][(partial)header] GET https://serviceusage.googleapis.com/v1/projects/syncs-hack-2023/services/artifactregistry.googleapis.com x-goog-quota-user=projects/syncs-hack-2023
[debug] [2023-08-27T01:12:48.790Z] <<< [apiv2][status] GET https://serviceusage.googleapis.com/v1/projects/syncs-hack-2023/services/runtimeconfig.googleapis.com 200
[debug] [2023-08-27T01:12:48.790Z] <<< [apiv2][body] GET https://serviceusage.googleapis.com/v1/projects/syncs-hack-2023/services/runtimeconfig.googleapis.com [omitted]
[debug] [2023-08-27T01:12:48.892Z] <<< [apiv2][status] GET https://serviceusage.googleapis.com/v1/projects/syncs-hack-2023/services/artifactregistry.googleapis.com 200
[debug] [2023-08-27T01:12:48.892Z] <<< [apiv2][body] GET https://serviceusage.googleapis.com/v1/projects/syncs-hack-2023/services/artifactregistry.googleapis.com [omitted]
[info] ✔  artifactregistry: required API artifactregistry.googleapis.com is enabled 
[debug] [2023-08-27T01:12:48.898Z] <<< [apiv2][status] GET https://serviceusage.googleapis.com/v1/projects/syncs-hack-2023/services/cloudfunctions.googleapis.com 200
[debug] [2023-08-27T01:12:48.898Z] <<< [apiv2][body] GET https://serviceusage.googleapis.com/v1/projects/syncs-hack-2023/services/cloudfunctions.googleapis.com [omitted]
[info] ✔  functions: required API cloudfunctions.googleapis.com is enabled 
[debug] [2023-08-27T01:12:49.021Z] <<< [apiv2][status] GET https://serviceusage.googleapis.com/v1/projects/syncs-hack-2023/services/cloudbuild.googleapis.com 200
[debug] [2023-08-27T01:12:49.021Z] <<< [apiv2][body] GET https://serviceusage.googleapis.com/v1/projects/syncs-hack-2023/services/cloudbuild.googleapis.com [omitted]
[info] ✔  functions: required API cloudbuild.googleapis.com is enabled 
[debug] [2023-08-27T01:12:49.022Z] >>> [apiv2][query] GET https://firebase.googleapis.com/v1beta1/projects/syncs-hack-2023/adminSdkConfig [none]
[debug] [2023-08-27T01:12:49.818Z] <<< [apiv2][status] GET https://firebase.googleapis.com/v1beta1/projects/syncs-hack-2023/adminSdkConfig 200
[debug] [2023-08-27T01:12:49.818Z] <<< [apiv2][body] GET https://firebase.googleapis.com/v1beta1/projects/syncs-hack-2023/adminSdkConfig {"projectId":"syncs-hack-2023","storageBucket":"syncs-hack-2023.appspot.com","locationId":"asia-east1"}
[debug] [2023-08-27T01:12:49.819Z] >>> [apiv2][query] GET https://runtimeconfig.googleapis.com/v1beta1/projects/syncs-hack-2023/configs [none]
[debug] [2023-08-27T01:12:50.432Z] <<< [apiv2][status] GET https://runtimeconfig.googleapis.com/v1beta1/projects/syncs-hack-2023/configs 200
[debug] [2023-08-27T01:12:50.432Z] <<< [apiv2][body] GET https://runtimeconfig.googleapis.com/v1beta1/projects/syncs-hack-2023/configs {}
[debug] [2023-08-27T01:12:50.435Z] Validating nodejs source
[debug] [2023-08-27T01:12:50.853Z] > [functions] package.json contents: {
  "name": "web-svelte-fd",
  "version": "0.0.1",
  "private": true,
  "type": "module",
  "dependencies": {
    "firebase": "^9.9.0",
    "heic2any": "^0.0.4",
    "sveltefire": "^0.4.2",
    "uuid": "^9.0.0",
    "@sveltejs/kit": "^1.5.0",
    "firebase-frameworks": "^0.10.1",
    "firebase-functions": "^4.3.0",
    "firebase-admin": "^11.0.1"
  },
  "main": "server.js",
  "engines": {
    "node": "18"
  }
}
[debug] [2023-08-27T01:12:50.854Z] Building nodejs source
[debug] [2023-08-27T01:12:50.854Z] Could not find functions.yaml. Must use http discovery
[debug] [2023-08-27T01:12:50.858Z] Found firebase-functions binary at '/Users/Ethan/Developer/Projects/Competitions/SyncHack2023/web-svelte-fd/.firebase/syncs-hack-2023/functions/node_modules/.bin/firebase-functions'
[debug] [2023-08-27T01:12:50.974Z] Serving at port 8896

[debug] [2023-08-27T01:12:51.101Z] Got response from /__/functions.yaml {"endpoints":{"ssrsyncshack2023":{"availableMemoryMb":null,"timeoutSeconds":null,"minInstances":null,"maxInstances":null,"ingressSettings":null,"concurrency":null,"serviceAccountEmail":null,"vpc":null,"platform":"gcfv2","region":["asia-east1"],"labels":{},"httpsTrigger":{},"entryPoint":"ssrsyncshack2023"}},"specVersion":"v1alpha1","requiredAPIs":[]}
[debug] [2023-08-27T01:12:51.107Z] shutdown requested via /__/quitquitquit

[info] i  functions: Loaded environment variables from .env. 
[info] i  functions: preparing .firebase/syncs-hack-2023/functions directory for uploading... 
[info] i  functions: packaged /Users/Ethan/Developer/Projects/Competitions/SyncHack2023/web-svelte-fd/.firebase/syncs-hack-2023/functions (144.75 KB) for uploading 
[debug] [2023-08-27T01:12:51.161Z] >>> [apiv2][query] GET https://cloudfunctions.googleapis.com/v1/projects/syncs-hack-2023/locations/-/functions [none]
[debug] [2023-08-27T01:12:51.892Z] <<< [apiv2][status] GET https://cloudfunctions.googleapis.com/v1/projects/syncs-hack-2023/locations/-/functions 200
[debug] [2023-08-27T01:12:51.892Z] <<< [apiv2][body] GET https://cloudfunctions.googleapis.com/v1/projects/syncs-hack-2023/locations/-/functions {"functions":[{"name":"projects/syncs-hack-2023/locations/us-central1/functions/processImg","eventTrigger":{"eventType":"providers/cloud.firestore/eventTypes/document.write","resource":"projects/syncs-hack-2023/databases/(default)/documents/images/{imageId}","service":"firestore.googleapis.com","failurePolicy":{}},"status":"ACTIVE","entryPoint":"processImg","timeout":"60s","availableMemoryMb":256,"serviceAccountEmail":"syncs-hack-2023@appspot.gserviceaccount.com","updateTime":"2023-08-27T00:58:17.418Z","versionId":"13","labels":{"deployment-tool":"cli-firebase","firebase-functions-hash":"03fa196ef4839f1b9fab129b434a97b0b1712021"},"sourceUploadUrl":"https://storage.googleapis.com/uploads-644726748927.us-central1.cloudfunctions.appspot.com/fcbb8fcb-df97-475b-b931-816bdf7b7e7d.zip","environmentVariables":{"FIREBASE_CONFIG":"{\"projectId\":\"syncs-hack-2023\",\"storageBucket\":\"syncs-hack-2023.appspot.com\",\"locationId\":\"asia-east1\"}","GCLOUD_PROJECT":"syncs-hack-2023","EVENTARC_CLOUD_EVENT_SOURCE":"projects/syncs-hack-2023/locations/us-central1/functions/processImg"},"runtime":"nodejs18","maxInstances":3000,"ingressSettings":"ALLOW_ALL","buildId":"133765ac-ab77-439c-8cff-97292d8c9e00","buildEnvironmentVariables":{"GOOGLE_NODE_RUN_SCRIPTS":""},"buildName":"projects/889434581645/locations/us-central1/builds/133765ac-ab77-439c-8cff-97292d8c9e00","dockerRegistry":"ARTIFACT_REGISTRY"}]}
[debug] [2023-08-27T01:12:51.896Z] >>> [apiv2][query] GET https://cloudfunctions.googleapis.com/v2/projects/syncs-hack-2023/locations/-/functions filter=environment%3D%22GEN_2%22
[debug] [2023-08-27T01:12:53.940Z] <<< [apiv2][status] GET https://cloudfunctions.googleapis.com/v2/projects/syncs-hack-2023/locations/-/functions 200
[debug] [2023-08-27T01:12:53.941Z] <<< [apiv2][body] GET https://cloudfunctions.googleapis.com/v2/projects/syncs-hack-2023/locations/-/functions {"functions":[{"name":"projects/syncs-hack-2023/locations/asia-east1/functions/ssrsyncshack2023","buildConfig":{"build":"projects/889434581645/locations/asia-east1/builds/bf5759cb-9b15-4cb4-a62b-ec072431fbd7","runtime":"nodejs18","entryPoint":"ssrsyncshack2023","source":{"storageSource":{"bucket":"gcf-v2-sources-889434581645-asia-east1","object":"ssrsyncshack2023/function-source.zip","generation":"1693097380019775"}},"environmentVariables":{"GOOGLE_NODE_RUN_SCRIPTS":""},"sourceProvenance":{"resolvedStorageSource":{"bucket":"gcf-v2-sources-889434581645-asia-east1","object":"ssrsyncshack2023/function-source.zip","generation":"1693097380019775"}}},"serviceConfig":{"service":"projects/syncs-hack-2023/locations/asia-east1/services/ssrsyncshack2023","timeoutSeconds":60,"environmentVariables":{"__FIREBASE_FRAMEWORKS_ENTRY__":"sveltekit","__FIREBASE_DEFAULTS__":"{\"config\":{\"projectId\":\"syncs-hack-2023\",\"appId\":\"1:889434581645:web:c6e07f55241380373d50c4\",\"storageBucket\":\"syncs-hack-2023.appspot.com\",\"locationId\":\"asia-east1\",\"apiKey\":\"AIzaSyB54nr8Kf0B93FP5lCM_u0q0S6KnetybzM\",\"authDomain\":\"syncs-hack-2023.firebaseapp.com\",\"messagingSenderId\":\"889434581645\",\"measurementId\":\"G-1TNP3QXPE0\"},\"_authTokenSyncURL\":\"/__session\"}","FIREBASE_CONFIG":"{\"projectId\":\"syncs-hack-2023\",\"storageBucket\":\"syncs-hack-2023.appspot.com\",\"locationId\":\"asia-east1\"}","GCLOUD_PROJECT":"syncs-hack-2023","EVENTARC_CLOUD_EVENT_SOURCE":"projects/syncs-hack-2023/locations/asia-east1/services/ssrsyncshack2023"},"maxInstanceCount":100,"ingressSettings":"ALLOW_ALL","uri":"https://ssrsyncshack2023-mkmjmbqdoa-de.a.run.app","serviceAccountEmail":"889434581645-compute@developer.gserviceaccount.com","availableMemory":"256Mi","allTrafficOnLatestRevision":true,"revision":"ssrsyncshack2023-00033-nem","maxInstanceRequestConcurrency":80,"availableCpu":"1"},"state":"ACTIVE","updateTime":"2023-08-27T00:50:51.991370020Z","labels":{"deployment-tool":"cli-firebase","firebase-functions-codebase":"firebase-frameworks-syncs-hack-2023","firebase-functions-hash":"cb9c5e5d2edd724716b932b573415c48f46bbe76"},"environment":"GEN_2","url":"https://asia-east1-syncs-hack-2023.cloudfunctions.net/ssrsyncshack2023"}]}
[info] i  functions: ensuring required API run.googleapis.com is enabled... 
[info] i  functions: ensuring required API eventarc.googleapis.com is enabled... 
[info] i  functions: ensuring required API pubsub.googleapis.com is enabled... 
[info] i  functions: ensuring required API storage.googleapis.com is enabled... 
[debug] [2023-08-27T01:12:53.951Z] >>> [apiv2][query] GET https://serviceusage.googleapis.com/v1/projects/syncs-hack-2023/services/run.googleapis.com [none]
[debug] [2023-08-27T01:12:53.951Z] >>> [apiv2][(partial)header] GET https://serviceusage.googleapis.com/v1/projects/syncs-hack-2023/services/run.googleapis.com x-goog-quota-user=projects/syncs-hack-2023
[debug] [2023-08-27T01:12:53.953Z] >>> [apiv2][query] GET https://serviceusage.googleapis.com/v1/projects/syncs-hack-2023/services/eventarc.googleapis.com [none]
[debug] [2023-08-27T01:12:53.953Z] >>> [apiv2][(partial)header] GET https://serviceusage.googleapis.com/v1/projects/syncs-hack-2023/services/eventarc.googleapis.com x-goog-quota-user=projects/syncs-hack-2023
[debug] [2023-08-27T01:12:53.954Z] >>> [apiv2][query] GET https://serviceusage.googleapis.com/v1/projects/syncs-hack-2023/services/pubsub.googleapis.com [none]
[debug] [2023-08-27T01:12:53.954Z] >>> [apiv2][(partial)header] GET https://serviceusage.googleapis.com/v1/projects/syncs-hack-2023/services/pubsub.googleapis.com x-goog-quota-user=projects/syncs-hack-2023
[debug] [2023-08-27T01:12:53.956Z] >>> [apiv2][query] GET https://serviceusage.googleapis.com/v1/projects/syncs-hack-2023/services/storage.googleapis.com [none]
[debug] [2023-08-27T01:12:53.956Z] >>> [apiv2][(partial)header] GET https://serviceusage.googleapis.com/v1/projects/syncs-hack-2023/services/storage.googleapis.com x-goog-quota-user=projects/syncs-hack-2023
[debug] [2023-08-27T01:12:55.837Z] <<< [apiv2][status] GET https://serviceusage.googleapis.com/v1/projects/syncs-hack-2023/services/eventarc.googleapis.com 200
[debug] [2023-08-27T01:12:55.837Z] <<< [apiv2][body] GET https://serviceusage.googleapis.com/v1/projects/syncs-hack-2023/services/eventarc.googleapis.com [omitted]
[info] ✔  functions: required API eventarc.googleapis.com is enabled 
[debug] [2023-08-27T01:12:55.838Z] <<< [apiv2][status] GET https://serviceusage.googleapis.com/v1/projects/syncs-hack-2023/services/storage.googleapis.com 200
[debug] [2023-08-27T01:12:55.838Z] <<< [apiv2][body] GET https://serviceusage.googleapis.com/v1/projects/syncs-hack-2023/services/storage.googleapis.com [omitted]
[info] ✔  functions: required API storage.googleapis.com is enabled 
[debug] [2023-08-27T01:12:55.838Z] <<< [apiv2][status] GET https://serviceusage.googleapis.com/v1/projects/syncs-hack-2023/services/pubsub.googleapis.com 200
[debug] [2023-08-27T01:12:55.839Z] <<< [apiv2][body] GET https://serviceusage.googleapis.com/v1/projects/syncs-hack-2023/services/pubsub.googleapis.com [omitted]
[info] ✔  functions: required API pubsub.googleapis.com is enabled 
[debug] [2023-08-27T01:12:55.839Z] <<< [apiv2][status] GET https://serviceusage.googleapis.com/v1/projects/syncs-hack-2023/services/run.googleapis.com 200
[debug] [2023-08-27T01:12:55.841Z] <<< [apiv2][body] GET https://serviceusage.googleapis.com/v1/projects/syncs-hack-2023/services/run.googleapis.com [omitted]
[info] ✔  functions: required API run.googleapis.com is enabled 
[info] i  functions: generating the service identity for pubsub.googleapis.com... 
[info] i  functions: generating the service identity for eventarc.googleapis.com... 
[debug] [2023-08-27T01:12:55.842Z] >>> [apiv2][query] POST https://serviceusage.googleapis.com/v1beta1/projects/889434581645/services/pubsub.googleapis.com:generateServiceIdentity [none]
[debug] [2023-08-27T01:12:55.844Z] >>> [apiv2][query] POST https://serviceusage.googleapis.com/v1beta1/projects/889434581645/services/eventarc.googleapis.com:generateServiceIdentity [none]
[debug] [2023-08-27T01:12:57.297Z] <<< [apiv2][status] POST https://serviceusage.googleapis.com/v1beta1/projects/889434581645/services/pubsub.googleapis.com:generateServiceIdentity 200
[debug] [2023-08-27T01:12:57.298Z] <<< [apiv2][body] POST https://serviceusage.googleapis.com/v1beta1/projects/889434581645/services/pubsub.googleapis.com:generateServiceIdentity {"name":"operations/finished.DONE_OPERATION","done":true,"response":{"@type":"type.googleapis.com/google.api.serviceusage.v1beta1.ServiceIdentity","email":"service-889434581645@gcp-sa-pubsub.iam.gserviceaccount.com","uniqueId":"111504762849595308143"}}
[debug] [2023-08-27T01:12:57.452Z] <<< [apiv2][status] POST https://serviceusage.googleapis.com/v1beta1/projects/889434581645/services/eventarc.googleapis.com:generateServiceIdentity 200
[debug] [2023-08-27T01:12:57.453Z] <<< [apiv2][body] POST https://serviceusage.googleapis.com/v1beta1/projects/889434581645/services/eventarc.googleapis.com:generateServiceIdentity {"name":"operations/finished.DONE_OPERATION","done":true,"response":{"@type":"type.googleapis.com/google.api.serviceusage.v1beta1.ServiceIdentity","email":"service-889434581645@gcp-sa-eventarc.iam.gserviceaccount.com","uniqueId":"114181732747199782011"}}
[debug] [2023-08-27T01:12:57.457Z] >>> [apiv2][query] GET https://firebase.googleapis.com/v1beta1/projects/syncs-hack-2023 [none]
[debug] [2023-08-27T01:12:58.218Z] <<< [apiv2][status] GET https://firebase.googleapis.com/v1beta1/projects/syncs-hack-2023 200
[debug] [2023-08-27T01:12:58.219Z] <<< [apiv2][body] GET https://firebase.googleapis.com/v1beta1/projects/syncs-hack-2023 {"projectId":"syncs-hack-2023","projectNumber":"889434581645","displayName":"syncs-hack-2023","name":"projects/syncs-hack-2023","resources":{"hostingSite":"syncs-hack-2023","storageBucket":"syncs-hack-2023.appspot.com","locationId":"asia-east1"},"state":"ACTIVE","etag":"1_47d16340-aa6b-4205-834f-fbd0d35c7236"}
[debug] [2023-08-27T01:12:58.231Z] >>> [apiv2][query] POST https://firebasehosting.googleapis.com/v1beta1/projects/-/sites/syncs-hack-2023/versions [none]
[debug] [2023-08-27T01:12:58.231Z] >>> [apiv2][body] POST https://firebasehosting.googleapis.com/v1beta1/projects/-/sites/syncs-hack-2023/versions {"status":"CREATED","labels":{"deployment-tool":"cli-firebase","firebase-web-framework":"sveltekit_ssr"}}
[debug] [2023-08-27T01:12:59.852Z] <<< [apiv2][status] POST https://firebasehosting.googleapis.com/v1beta1/projects/-/sites/syncs-hack-2023/versions 200
[debug] [2023-08-27T01:12:59.852Z] <<< [apiv2][body] POST https://firebasehosting.googleapis.com/v1beta1/projects/-/sites/syncs-hack-2023/versions {"name":"projects/889434581645/sites/syncs-hack-2023/versions/668c0e965276b65f","status":"CREATED","config":{},"labels":{"deployment-tool":"cli-firebase","firebase-web-framework":"sveltekit_ssr"}}
[debug] [2023-08-27T01:12:59.853Z] >>> [apiv2][query] POST https://cloudfunctions.googleapis.com/v2/projects/syncs-hack-2023/locations/asia-east1/functions:generateUploadUrl [none]
[debug] [2023-08-27T01:13:00.599Z] <<< [apiv2][status] POST https://cloudfunctions.googleapis.com/v2/projects/syncs-hack-2023/locations/asia-east1/functions:generateUploadUrl 200
[debug] [2023-08-27T01:13:00.600Z] <<< [apiv2][body] POST https://cloudfunctions.googleapis.com/v2/projects/syncs-hack-2023/locations/asia-east1/functions:generateUploadUrl {"uploadUrl":"https://storage.googleapis.com/gcf-v2-uploads-889434581645-asia-east1/dd2fc959-95d1-4450-a808-75e80b3a37fd.zip?GoogleAccessId=service-889434581645@gcf-admin-robot.iam.gserviceaccount.com&Expires=1693100580&Signature=VsY%2Ftlcl5uVz7HsCQOAYygBtaJBuN24vM1ClGuc70tI3G9sH1x1uJA5AbK%2BJSx5MIn9USZjq%2BgaCgHGCvTeLd9FJhzpUAxojVNLoxzHNvDLEcjISu9EI3KkEl6KfWBPhWsNZ5iMv0ri%2F%2B90prEWSdU4eCDmcjVb5cVAM0YyLJTjzUD9vGn6wZ86ovW2Er3Vc0eG4plqth2CCRS7fH040vh4ZBjBQh4RoaRGVNI4gs903TbM3k3CkX%2BE6vwpyzfo%2BFkynvwPWfwba0WLjEh%2FyloV%2BrlJF17nVaxBBMUTe9d6LpDi6kmizYeA2fiH9qWJ4Hsb9zRqaXHWsAmJ3RPBf1g%3D%3D","storageSource":{"bucket":"gcf-v2-uploads-889434581645-asia-east1","object":"dd2fc959-95d1-4450-a808-75e80b3a37fd.zip"}}
[debug] [2023-08-27T01:13:00.602Z] >>> [apiv2][query] PUT https://storage.googleapis.com/gcf-v2-uploads-889434581645-asia-east1/dd2fc959-95d1-4450-a808-75e80b3a37fd.zip GoogleAccessId=service-889434581645%40gcf-admin-robot.iam.gserviceaccount.com&Expires=1693100580&Signature=VsY%2Ftlcl5uVz7HsCQOAYygBtaJBuN24vM1ClGuc70tI3G9sH1x1uJA5AbK%2BJSx5MIn9USZjq%2BgaCgHGCvTeLd9FJhzpUAxojVNLoxzHNvDLEcjISu9EI3KkEl6KfWBPhWsNZ5iMv0ri%2F%2B90prEWSdU4eCDmcjVb5cVAM0YyLJTjzUD9vGn6wZ86ovW2Er3Vc0eG4plqth2CCRS7fH040vh4ZBjBQh4RoaRGVNI4gs903TbM3k3CkX%2BE6vwpyzfo%2BFkynvwPWfwba0WLjEh%2FyloV%2BrlJF17nVaxBBMUTe9d6LpDi6kmizYeA2fiH9qWJ4Hsb9zRqaXHWsAmJ3RPBf1g%3D%3D
[debug] [2023-08-27T01:13:00.603Z] >>> [apiv2][body] PUT https://storage.googleapis.com/gcf-v2-uploads-889434581645-asia-east1/dd2fc959-95d1-4450-a808-75e80b3a37fd.zip [stream]
[debug] [2023-08-27T01:13:02.216Z] <<< [apiv2][status] PUT https://storage.googleapis.com/gcf-v2-uploads-889434581645-asia-east1/dd2fc959-95d1-4450-a808-75e80b3a37fd.zip 200
[debug] [2023-08-27T01:13:02.216Z] <<< [apiv2][body] PUT https://storage.googleapis.com/gcf-v2-uploads-889434581645-asia-east1/dd2fc959-95d1-4450-a808-75e80b3a37fd.zip [omitted]
[info] ✔  functions: .firebase/syncs-hack-2023/functions folder uploaded successfully 
[info] i  hosting[syncs-hack-2023]: beginning deploy... 
[info] i  hosting[syncs-hack-2023]: found 46 files in .firebase/syncs-hack-2023/hosting 
[debug] [2023-08-27T01:13:02.230Z] [hosting] uploading with 200 concurrency
[debug] [2023-08-27T01:13:02.332Z] [hosting] hash cache [LmZpcmViYXNlL3N5bmNzLWhhY2stMjAyMy9ob3N0aW5n] stored for 46 files
[debug] [2023-08-27T01:13:02.332Z] [hosting][hash queue][FINAL] {"max":96,"min":9,"avg":12.478260869565217,"active":0,"complete":46,"success":46,"errored":0,"retried":0,"total":46,"elapsed":99}
[debug] [2023-08-27T01:13:02.332Z] >>> [apiv2][query] POST https://firebasehosting.googleapis.com/v1beta1/projects/889434581645/sites/syncs-hack-2023/versions/668c0e965276b65f:populateFiles [none]
[debug] [2023-08-27T01:13:02.332Z] >>> [apiv2][body] POST https://firebasehosting.googleapis.com/v1beta1/projects/889434581645/sites/syncs-hack-2023/versions/668c0e965276b65f:populateFiles {"files":{"/logo.png":"339c96020b563c73177f111b2d4db46da082c659214bb43a59e1938feee5f7f8","/_app/version.json":"63d282f8c826acea157b889f1f3f18461f5f75d8cd7bb7cf639f5f6fe500d241","/_app/immutable/assets/ProgressBar.bd53154f.css":"66ad122f1a2d103d8a786259c195d4c6b9f1e4d1da7907885589ea10678b5399","/_app/immutable/chunks/FileButton.9fc5bcaa.js":"fe1febf246d280fa0a0ce385a792c5fd056294f00646bdabe9e28cc813c7cfc9","/_app/immutable/chunks/ProgressBar.svelte_svelte_type_style_lang.75326b71.js":"920b3a619d54823994a3d065bf6aeaf0cd73e3c6ae235d3bf849f3bff3c39067","/_app/immutable/chunks/HomeButton.febfff0a.js":"afe0bd4065aa83694726d67365f81e7d68b28b2d96c095a9a71a23b9c50a3d7a","/_app/immutable/chunks/dev-browser.becde89a.js":"4c127c6192cc816beabaf1ced6e2bf31eae5be77a71d6dd49d2e06a482db2fc5","/_app/immutable/chunks/SunnyTitle.4b5a3032.js":"620834585b8688782f4c95d4111832656109f4484b5cbd3fb4fa14bb95bf21b7","/_app/immutable/chunks/ProgressRadial.b732b1fd.js":"04bbf4ceaace9e3b284d87c09ff54ad0ede0e6157cab042c6fd27154ed30015c","/home.png":"09cfc16c50e1152bc8b5bf24d21823829f9cd80cb70d187eaface68551b6b2d3","/_app/immutable/chunks/globals.7f7f1b26.js":"f43e7b2d01eaf08afe4ea450f840d3298909f380fd79ae381f5e8211fb26c4a3","/_app/immutable/chunks/index.064adaf7.js":"8fa61e24e06ffc3a09588534ac4064165243afcff593fca74318a91243e2bd09","/_app/immutable/chunks/Icon.4ca51455.js":"6c3d53b4e3ecd292ca40c89285d4c03646ae051e597d2f0cbfc4e664becb515c","/_app/immutable/chunks/index.0492f3ae.js":"be52080fbb251076ffd5bdc9f3983480ce5c18c501d9f99551323a62e7c9599e","/favicon.png":"c6745e5a69b13b7c8b6356c6e947515092b3a9b963a9c4ceded449c7a71145db","/_app/immutable/chunks/index.a78cad26.js":"12b31844b1805bb74c313d764fef48cf50fac9e0cedbc186ed18e081bf6c76f8","/_app/immutable/chunks/preload-helper.a4192956.js":"50e25eb2d40af83459444126e8ad69f69add0da250addeac21f977db16235e1f","/_app/immutable/chunks/spread.84d39b6c.js":"5301925a63841bead6b4d6885e3b75c52686f4acce563a3368170a7c8564f201","/_app/immutable/chunks/singletons.c8bdf02a.js":"5104ced4bd16e4543d376c00d97c28be2b1ff9a587e4c4c5b9db377b278beb0e","/_app/immutable/chunks/stores.86735783.js":"6ce5e7032583f88a0de2a505268973a314c69216f7129dac0b91f6c9c9e76e98","/_app/immutable/chunks/stores.3a99b166.js":"6114bd9d724fa23a14c19860c99560358523513378ed60628865790fa8e43170","/_app/immutable/chunks/navigation.f5c2c7f9.js":"af78743bfd0f082ae4cf4b1e6b89fb6a00047f6da93382322b6cf0d3b5e330f7","/_app/immutable/entry/app.8eb477fa.js":"a800df093eb46c5d82966680f70f21dd4b7991d81d1cbc6acd0273844f0af77e","/_app/immutable/chunks/scheduler.078b4462.js":"290d1770d0288de95edbd045984f2d13614eec5a060560a5fe11a1697a91f373","/_app/immutable/nodes/11.0b897030.js":"b6d0ddfff30e5bc155a59943019bf2613d4d994ecd996d414b5b84dd21a5ba13","/_app/immutable/nodes/12.da7c8c33.js":"430938e29936bc3034e91df2034dc01605525ed1231b9127b818e99959ab2bcc","/_app/immutable/entry/start.4bd93392.js":"7fa43552db65d34af1316da3b9487b9f689a66166712151d72006669947d974f","/_app/immutable/nodes/2.e53907ca.js":"9edaf4101fe00001236970c2d20564b020815b06ebdc1e9a6c3484b2ffc19c83","/_app/immutable/nodes/0.fd1541ea.js":"80b6bd3d309efef21bdba5af291eb5b45352810f3bcd04d615d7cd19e296b57b","/_app/immutable/nodes/1.5ad3ea1c.js":"0a4e74636c07a63523c4c414834e9ce932e8852ed133030a92aaaed3d2677f53","/_app/immutable/nodes/6.c114f57e.js":"5897c56a1a4398ee483d77d79e5cee90584561cf6334c363030ac2a02260e680","/_app/immutable/nodes/10.caefbd4b.js":"a06820aa75c56bd8f5ef7a5f13aec34885fe706c29156d95a5882ab737033532","/_app/immutable/nodes/8.814da257.js":"a421878bd40dec8e1be4a2105b741f0bbfbc6df3966ea9cea340afc98a11da17","/_app/immutable/nodes/5.15eaab3b.js":"33a7f64f54f7db4c435723ae3cb5ba736786a77ca3fbea157615e9503a673419","/_app/immutable/nodes/7.78b606b8.js":"85dc208ebfded0730e8ef7f293102036e7d98f24d27c4cbaee5db9e9ada1f76f","/_app/immutable/nodes/4.e96ddeb4.js":"b4979fa62cb6457171fdceb6104908439af67e4f15358907d2b1b119f165da48","/_app/immutable/nodes/9.46d0cf30.js":"63075dc0a79c400a524f19332c973294d7e9f38453c3547f2980694e70bd0a73","/_app/immutable/nodes/3.d9dc64e9.js":"38e7b565aeddc4ca70470e1ea7f0c72a8f3270fa55e22016ab716d0de9e68dd2","/nap.png":"7436b10d39d69979b3c88aa88a78265271df138402f7370654b7503fadc6ca00","/snap.png":"eee158d3983427dec9cb649905bc7bebdf95d5c2e242885d37bb1d0109531216","/_app/immutable/assets/0.bce37da5.css":"b9842db8801c149afb8eabc36f524234770732429ce1dd6d043da09dea56171e","/_app/immutable/assets/_layout.4ea50d5d.css":"9a9db7438f0b8ff1325188be57a902c328c193fbdaeed6a72bde0558b7412888","/ghost.gif":"d82bf551fa65d02dea3787c2653e5309967c82b2f25ec65edb96915343ef826b","/fonts/SpaceGrotesk.ttf":"ad742367bfbb78957e0cdc2150a41b607224f64f6c0fb549d45d9d7dfe15ee47","/_app/immutable/chunks/firebase.feacc806.js":"e1d3e63b1f9c680a13634420de9ebedee0215e1df7d09e09fd754acf7e65732b","/_app/immutable/chunks/heic2any.8bfd2eca.js":"cae7cbb93bbb87a71f5713be7e6adff35e1cfe6239d78a4340cbc177b8a3a9b4"}}
[debug] [2023-08-27T01:13:03.713Z] <<< [apiv2][status] POST https://firebasehosting.googleapis.com/v1beta1/projects/889434581645/sites/syncs-hack-2023/versions/668c0e965276b65f:populateFiles 200
[debug] [2023-08-27T01:13:03.713Z] <<< [apiv2][body] POST https://firebasehosting.googleapis.com/v1beta1/projects/889434581645/sites/syncs-hack-2023/versions/668c0e965276b65f:populateFiles {"uploadRequiredHashes":["b6d0ddfff30e5bc155a59943019bf2613d4d994ecd996d414b5b84dd21a5ba13","63d282f8c826acea157b889f1f3f18461f5f75d8cd7bb7cf639f5f6fe500d241","a06820aa75c56bd8f5ef7a5f13aec34885fe706c29156d95a5882ab737033532","0a4e74636c07a63523c4c414834e9ce932e8852ed133030a92aaaed3d2677f53","b9842db8801c149afb8eabc36f524234770732429ce1dd6d043da09dea56171e","af78743bfd0f082ae4cf4b1e6b89fb6a00047f6da93382322b6cf0d3b5e330f7","63075dc0a79c400a524f19332c973294d7e9f38453c3547f2980694e70bd0a73","5897c56a1a4398ee483d77d79e5cee90584561cf6334c363030ac2a02260e680","33a7f64f54f7db4c435723ae3cb5ba736786a77ca3fbea157615e9503a673419","80b6bd3d309efef21bdba5af291eb5b45352810f3bcd04d615d7cd19e296b57b","85dc208ebfded0730e8ef7f293102036e7d98f24d27c4cbaee5db9e9ada1f76f","7fa43552db65d34af1316da3b9487b9f689a66166712151d72006669947d974f","a800df093eb46c5d82966680f70f21dd4b7991d81d1cbc6acd0273844f0af77e","5104ced4bd16e4543d376c00d97c28be2b1ff9a587e4c4c5b9db377b278beb0e","9edaf4101fe00001236970c2d20564b020815b06ebdc1e9a6c3484b2ffc19c83","b4979fa62cb6457171fdceb6104908439af67e4f15358907d2b1b119f165da48","a421878bd40dec8e1be4a2105b741f0bbfbc6df3966ea9cea340afc98a11da17","430938e29936bc3034e91df2034dc01605525ed1231b9127b818e99959ab2bcc","620834585b8688782f4c95d4111832656109f4484b5cbd3fb4fa14bb95bf21b7","e1d3e63b1f9c680a13634420de9ebedee0215e1df7d09e09fd754acf7e65732b","9a9db7438f0b8ff1325188be57a902c328c193fbdaeed6a72bde0558b7412888","6ce5e7032583f88a0de2a505268973a314c69216f7129dac0b91f6c9c9e76e98","38e7b565aeddc4ca70470e1ea7f0c72a8f3270fa55e22016ab716d0de9e68dd2"],"uploadUrl":"https://upload-firebasehosting.googleapis.com/upload/sites/syncs-hack-2023/versions/668c0e965276b65f/files"}
[debug] [2023-08-27T01:13:03.714Z] >>> [apiv2][query] POST https://upload-firebasehosting.googleapis.com/upload/sites/syncs-hack-2023/versions/668c0e965276b65f/files/b6d0ddfff30e5bc155a59943019bf2613d4d994ecd996d414b5b84dd21a5ba13 [none]
[debug] [2023-08-27T01:13:03.714Z] >>> [apiv2][body] POST https://upload-firebasehosting.googleapis.com/upload/sites/syncs-hack-2023/versions/668c0e965276b65f/files/b6d0ddfff30e5bc155a59943019bf2613d4d994ecd996d414b5b84dd21a5ba13 [stream]
[debug] [2023-08-27T01:13:03.715Z] >>> [apiv2][query] POST https://upload-firebasehosting.googleapis.com/upload/sites/syncs-hack-2023/versions/668c0e965276b65f/files/63d282f8c826acea157b889f1f3f18461f5f75d8cd7bb7cf639f5f6fe500d241 [none]
[debug] [2023-08-27T01:13:03.715Z] >>> [apiv2][body] POST https://upload-firebasehosting.googleapis.com/upload/sites/syncs-hack-2023/versions/668c0e965276b65f/files/63d282f8c826acea157b889f1f3f18461f5f75d8cd7bb7cf639f5f6fe500d241 [stream]
[debug] [2023-08-27T01:13:03.716Z] >>> [apiv2][query] POST https://upload-firebasehosting.googleapis.com/upload/sites/syncs-hack-2023/versions/668c0e965276b65f/files/a06820aa75c56bd8f5ef7a5f13aec34885fe706c29156d95a5882ab737033532 [none]
[debug] [2023-08-27T01:13:03.716Z] >>> [apiv2][body] POST https://upload-firebasehosting.googleapis.com/upload/sites/syncs-hack-2023/versions/668c0e965276b65f/files/a06820aa75c56bd8f5ef7a5f13aec34885fe706c29156d95a5882ab737033532 [stream]
[debug] [2023-08-27T01:13:03.716Z] >>> [apiv2][query] POST https://upload-firebasehosting.googleapis.com/upload/sites/syncs-hack-2023/versions/668c0e965276b65f/files/0a4e74636c07a63523c4c414834e9ce932e8852ed133030a92aaaed3d2677f53 [none]
[debug] [2023-08-27T01:13:03.716Z] >>> [apiv2][body] POST https://upload-firebasehosting.googleapis.com/upload/sites/syncs-hack-2023/versions/668c0e965276b65f/files/0a4e74636c07a63523c4c414834e9ce932e8852ed133030a92aaaed3d2677f53 [stream]
[debug] [2023-08-27T01:13:03.716Z] >>> [apiv2][query] POST https://upload-firebasehosting.googleapis.com/upload/sites/syncs-hack-2023/versions/668c0e965276b65f/files/b9842db8801c149afb8eabc36f524234770732429ce1dd6d043da09dea56171e [none]
[debug] [2023-08-27T01:13:03.716Z] >>> [apiv2][body] POST https://upload-firebasehosting.googleapis.com/upload/sites/syncs-hack-2023/versions/668c0e965276b65f/files/b9842db8801c149afb8eabc36f524234770732429ce1dd6d043da09dea56171e [stream]
[debug] [2023-08-27T01:13:03.717Z] >>> [apiv2][query] POST https://upload-firebasehosting.googleapis.com/upload/sites/syncs-hack-2023/versions/668c0e965276b65f/files/af78743bfd0f082ae4cf4b1e6b89fb6a00047f6da93382322b6cf0d3b5e330f7 [none]
[debug] [2023-08-27T01:13:03.717Z] >>> [apiv2][body] POST https://upload-firebasehosting.googleapis.com/upload/sites/syncs-hack-2023/versions/668c0e965276b65f/files/af78743bfd0f082ae4cf4b1e6b89fb6a00047f6da93382322b6cf0d3b5e330f7 [stream]
[debug] [2023-08-27T01:13:03.717Z] >>> [apiv2][query] POST https://upload-firebasehosting.googleapis.com/upload/sites/syncs-hack-2023/versions/668c0e965276b65f/files/63075dc0a79c400a524f19332c973294d7e9f38453c3547f2980694e70bd0a73 [none]
[debug] [2023-08-27T01:13:03.717Z] >>> [apiv2][body] POST https://upload-firebasehosting.googleapis.com/upload/sites/syncs-hack-2023/versions/668c0e965276b65f/files/63075dc0a79c400a524f19332c973294d7e9f38453c3547f2980694e70bd0a73 [stream]
[debug] [2023-08-27T01:13:03.717Z] >>> [apiv2][query] POST https://upload-firebasehosting.googleapis.com/upload/sites/syncs-hack-2023/versions/668c0e965276b65f/files/5897c56a1a4398ee483d77d79e5cee90584561cf6334c363030ac2a02260e680 [none]
[debug] [2023-08-27T01:13:03.718Z] >>> [apiv2][body] POST https://upload-firebasehosting.googleapis.com/upload/sites/syncs-hack-2023/versions/668c0e965276b65f/files/5897c56a1a4398ee483d77d79e5cee90584561cf6334c363030ac2a02260e680 [stream]
[debug] [2023-08-27T01:13:03.718Z] >>> [apiv2][query] POST https://upload-firebasehosting.googleapis.com/upload/sites/syncs-hack-2023/versions/668c0e965276b65f/files/33a7f64f54f7db4c435723ae3cb5ba736786a77ca3fbea157615e9503a673419 [none]
[debug] [2023-08-27T01:13:03.718Z] >>> [apiv2][body] POST https://upload-firebasehosting.googleapis.com/upload/sites/syncs-hack-2023/versions/668c0e965276b65f/files/33a7f64f54f7db4c435723ae3cb5ba736786a77ca3fbea157615e9503a673419 [stream]
[debug] [2023-08-27T01:13:03.718Z] >>> [apiv2][query] POST https://upload-firebasehosting.googleapis.com/upload/sites/syncs-hack-2023/versions/668c0e965276b65f/files/80b6bd3d309efef21bdba5af291eb5b45352810f3bcd04d615d7cd19e296b57b [none]
[debug] [2023-08-27T01:13:03.718Z] >>> [apiv2][body] POST https://upload-firebasehosting.googleapis.com/upload/sites/syncs-hack-2023/versions/668c0e965276b65f/files/80b6bd3d309efef21bdba5af291eb5b45352810f3bcd04d615d7cd19e296b57b [stream]
[debug] [2023-08-27T01:13:03.718Z] >>> [apiv2][query] POST https://upload-firebasehosting.googleapis.com/upload/sites/syncs-hack-2023/versions/668c0e965276b65f/files/85dc208ebfded0730e8ef7f293102036e7d98f24d27c4cbaee5db9e9ada1f76f [none]
[debug] [2023-08-27T01:13:03.718Z] >>> [apiv2][body] POST https://upload-firebasehosting.googleapis.com/upload/sites/syncs-hack-2023/versions/668c0e965276b65f/files/85dc208ebfded0730e8ef7f293102036e7d98f24d27c4cbaee5db9e9ada1f76f [stream]
[debug] [2023-08-27T01:13:03.719Z] >>> [apiv2][query] POST https://upload-firebasehosting.googleapis.com/upload/sites/syncs-hack-2023/versions/668c0e965276b65f/files/7fa43552db65d34af1316da3b9487b9f689a66166712151d72006669947d974f [none]
[debug] [2023-08-27T01:13:03.719Z] >>> [apiv2][body] POST https://upload-firebasehosting.googleapis.com/upload/sites/syncs-hack-2023/versions/668c0e965276b65f/files/7fa43552db65d34af1316da3b9487b9f689a66166712151d72006669947d974f [stream]
[debug] [2023-08-27T01:13:03.719Z] >>> [apiv2][query] POST https://upload-firebasehosting.googleapis.com/upload/sites/syncs-hack-2023/versions/668c0e965276b65f/files/a800df093eb46c5d82966680f70f21dd4b7991d81d1cbc6acd0273844f0af77e [none]
[debug] [2023-08-27T01:13:03.719Z] >>> [apiv2][body] POST https://upload-firebasehosting.googleapis.com/upload/sites/syncs-hack-2023/versions/668c0e965276b65f/files/a800df093eb46c5d82966680f70f21dd4b7991d81d1cbc6acd0273844f0af77e [stream]
[debug] [2023-08-27T01:13:03.720Z] >>> [apiv2][query] POST https://upload-firebasehosting.googleapis.com/upload/sites/syncs-hack-2023/versions/668c0e965276b65f/files/5104ced4bd16e4543d376c00d97c28be2b1ff9a587e4c4c5b9db377b278beb0e [none]
[debug] [2023-08-27T01:13:03.720Z] >>> [apiv2][body] POST https://upload-firebasehosting.googleapis.com/upload/sites/syncs-hack-2023/versions/668c0e965276b65f/files/5104ced4bd16e4543d376c00d97c28be2b1ff9a587e4c4c5b9db377b278beb0e [stream]
[debug] [2023-08-27T01:13:03.720Z] >>> [apiv2][query] POST https://upload-firebasehosting.googleapis.com/upload/sites/syncs-hack-2023/versions/668c0e965276b65f/files/9edaf4101fe00001236970c2d20564b020815b06ebdc1e9a6c3484b2ffc19c83 [none]
[debug] [2023-08-27T01:13:03.720Z] >>> [apiv2][body] POST https://upload-firebasehosting.googleapis.com/upload/sites/syncs-hack-2023/versions/668c0e965276b65f/files/9edaf4101fe00001236970c2d20564b020815b06ebdc1e9a6c3484b2ffc19c83 [stream]
[debug] [2023-08-27T01:13:03.720Z] >>> [apiv2][query] POST https://upload-firebasehosting.googleapis.com/upload/sites/syncs-hack-2023/versions/668c0e965276b65f/files/b4979fa62cb6457171fdceb6104908439af67e4f15358907d2b1b119f165da48 [none]
[debug] [2023-08-27T01:13:03.720Z] >>> [apiv2][body] POST https://upload-firebasehosting.googleapis.com/upload/sites/syncs-hack-2023/versions/668c0e965276b65f/files/b4979fa62cb6457171fdceb6104908439af67e4f15358907d2b1b119f165da48 [stream]
[debug] [2023-08-27T01:13:03.721Z] >>> [apiv2][query] POST https://upload-firebasehosting.googleapis.com/upload/sites/syncs-hack-2023/versions/668c0e965276b65f/files/a421878bd40dec8e1be4a2105b741f0bbfbc6df3966ea9cea340afc98a11da17 [none]
[debug] [2023-08-27T01:13:03.721Z] >>> [apiv2][body] POST https://upload-firebasehosting.googleapis.com/upload/sites/syncs-hack-2023/versions/668c0e965276b65f/files/a421878bd40dec8e1be4a2105b741f0bbfbc6df3966ea9cea340afc98a11da17 [stream]
[debug] [2023-08-27T01:13:03.721Z] >>> [apiv2][query] POST https://upload-firebasehosting.googleapis.com/upload/sites/syncs-hack-2023/versions/668c0e965276b65f/files/430938e29936bc3034e91df2034dc01605525ed1231b9127b818e99959ab2bcc [none]
[debug] [2023-08-27T01:13:03.721Z] >>> [apiv2][body] POST https://upload-firebasehosting.googleapis.com/upload/sites/syncs-hack-2023/versions/668c0e965276b65f/files/430938e29936bc3034e91df2034dc01605525ed1231b9127b818e99959ab2bcc [stream]
[debug] [2023-08-27T01:13:03.721Z] >>> [apiv2][query] POST https://upload-firebasehosting.googleapis.com/upload/sites/syncs-hack-2023/versions/668c0e965276b65f/files/620834585b8688782f4c95d4111832656109f4484b5cbd3fb4fa14bb95bf21b7 [none]
[debug] [2023-08-27T01:13:03.721Z] >>> [apiv2][body] POST https://upload-firebasehosting.googleapis.com/upload/sites/syncs-hack-2023/versions/668c0e965276b65f/files/620834585b8688782f4c95d4111832656109f4484b5cbd3fb4fa14bb95bf21b7 [stream]
[debug] [2023-08-27T01:13:03.721Z] >>> [apiv2][query] POST https://upload-firebasehosting.googleapis.com/upload/sites/syncs-hack-2023/versions/668c0e965276b65f/files/e1d3e63b1f9c680a13634420de9ebedee0215e1df7d09e09fd754acf7e65732b [none]
[debug] [2023-08-27T01:13:03.721Z] >>> [apiv2][body] POST https://upload-firebasehosting.googleapis.com/upload/sites/syncs-hack-2023/versions/668c0e965276b65f/files/e1d3e63b1f9c680a13634420de9ebedee0215e1df7d09e09fd754acf7e65732b [stream]
[debug] [2023-08-27T01:13:03.722Z] >>> [apiv2][query] POST https://upload-firebasehosting.googleapis.com/upload/sites/syncs-hack-2023/versions/668c0e965276b65f/files/9a9db7438f0b8ff1325188be57a902c328c193fbdaeed6a72bde0558b7412888 [none]
[debug] [2023-08-27T01:13:03.722Z] >>> [apiv2][body] POST https://upload-firebasehosting.googleapis.com/upload/sites/syncs-hack-2023/versions/668c0e965276b65f/files/9a9db7438f0b8ff1325188be57a902c328c193fbdaeed6a72bde0558b7412888 [stream]
[debug] [2023-08-27T01:13:03.722Z] >>> [apiv2][query] POST https://upload-firebasehosting.googleapis.com/upload/sites/syncs-hack-2023/versions/668c0e965276b65f/files/6ce5e7032583f88a0de2a505268973a314c69216f7129dac0b91f6c9c9e76e98 [none]
[debug] [2023-08-27T01:13:03.722Z] >>> [apiv2][body] POST https://upload-firebasehosting.googleapis.com/upload/sites/syncs-hack-2023/versions/668c0e965276b65f/files/6ce5e7032583f88a0de2a505268973a314c69216f7129dac0b91f6c9c9e76e98 [stream]
[debug] [2023-08-27T01:13:03.722Z] >>> [apiv2][query] POST https://upload-firebasehosting.googleapis.com/upload/sites/syncs-hack-2023/versions/668c0e965276b65f/files/38e7b565aeddc4ca70470e1ea7f0c72a8f3270fa55e22016ab716d0de9e68dd2 [none]
[debug] [2023-08-27T01:13:03.722Z] >>> [apiv2][body] POST https://upload-firebasehosting.googleapis.com/upload/sites/syncs-hack-2023/versions/668c0e965276b65f/files/38e7b565aeddc4ca70470e1ea7f0c72a8f3270fa55e22016ab716d0de9e68dd2 [stream]
[debug] [2023-08-27T01:13:03.723Z] [hosting][populate queue][FINAL] {"max":1383,"min":1383,"avg":1383,"active":0,"complete":1,"success":1,"errored":0,"retried":0,"total":1,"elapsed":1392}
[debug] [2023-08-27T01:13:03.723Z] [hosting] uploads queued: 23
[debug] [2023-08-27T01:13:05.272Z] <<< [apiv2][status] POST https://upload-firebasehosting.googleapis.com/upload/sites/syncs-hack-2023/versions/668c0e965276b65f/files/85dc208ebfded0730e8ef7f293102036e7d98f24d27c4cbaee5db9e9ada1f76f 200
[debug] [2023-08-27T01:13:05.273Z] <<< [apiv2][body] POST https://upload-firebasehosting.googleapis.com/upload/sites/syncs-hack-2023/versions/668c0e965276b65f/files/85dc208ebfded0730e8ef7f293102036e7d98f24d27c4cbaee5db9e9ada1f76f [stream]
[debug] [2023-08-27T01:13:05.277Z] <<< [apiv2][status] POST https://upload-firebasehosting.googleapis.com/upload/sites/syncs-hack-2023/versions/668c0e965276b65f/files/63075dc0a79c400a524f19332c973294d7e9f38453c3547f2980694e70bd0a73 200
[debug] [2023-08-27T01:13:05.277Z] <<< [apiv2][body] POST https://upload-firebasehosting.googleapis.com/upload/sites/syncs-hack-2023/versions/668c0e965276b65f/files/63075dc0a79c400a524f19332c973294d7e9f38453c3547f2980694e70bd0a73 [stream]
[debug] [2023-08-27T01:13:05.278Z] <<< [apiv2][status] POST https://upload-firebasehosting.googleapis.com/upload/sites/syncs-hack-2023/versions/668c0e965276b65f/files/a800df093eb46c5d82966680f70f21dd4b7991d81d1cbc6acd0273844f0af77e 200
[debug] [2023-08-27T01:13:05.278Z] <<< [apiv2][body] POST https://upload-firebasehosting.googleapis.com/upload/sites/syncs-hack-2023/versions/668c0e965276b65f/files/a800df093eb46c5d82966680f70f21dd4b7991d81d1cbc6acd0273844f0af77e [stream]
[debug] [2023-08-27T01:13:05.278Z] <<< [apiv2][status] POST https://upload-firebasehosting.googleapis.com/upload/sites/syncs-hack-2023/versions/668c0e965276b65f/files/63d282f8c826acea157b889f1f3f18461f5f75d8cd7bb7cf639f5f6fe500d241 200
[debug] [2023-08-27T01:13:05.278Z] <<< [apiv2][body] POST https://upload-firebasehosting.googleapis.com/upload/sites/syncs-hack-2023/versions/668c0e965276b65f/files/63d282f8c826acea157b889f1f3f18461f5f75d8cd7bb7cf639f5f6fe500d241 [stream]
[debug] [2023-08-27T01:13:05.284Z] <<< [apiv2][status] POST https://upload-firebasehosting.googleapis.com/upload/sites/syncs-hack-2023/versions/668c0e965276b65f/files/430938e29936bc3034e91df2034dc01605525ed1231b9127b818e99959ab2bcc 200
[debug] [2023-08-27T01:13:05.284Z] <<< [apiv2][body] POST https://upload-firebasehosting.googleapis.com/upload/sites/syncs-hack-2023/versions/668c0e965276b65f/files/430938e29936bc3034e91df2034dc01605525ed1231b9127b818e99959ab2bcc [stream]
[debug] [2023-08-27T01:13:05.309Z] <<< [apiv2][status] POST https://upload-firebasehosting.googleapis.com/upload/sites/syncs-hack-2023/versions/668c0e965276b65f/files/af78743bfd0f082ae4cf4b1e6b89fb6a00047f6da93382322b6cf0d3b5e330f7 200
[debug] [2023-08-27T01:13:05.310Z] <<< [apiv2][body] POST https://upload-firebasehosting.googleapis.com/upload/sites/syncs-hack-2023/versions/668c0e965276b65f/files/af78743bfd0f082ae4cf4b1e6b89fb6a00047f6da93382322b6cf0d3b5e330f7 [stream]
[debug] [2023-08-27T01:13:05.449Z] <<< [apiv2][status] POST https://upload-firebasehosting.googleapis.com/upload/sites/syncs-hack-2023/versions/668c0e965276b65f/files/5104ced4bd16e4543d376c00d97c28be2b1ff9a587e4c4c5b9db377b278beb0e 200
[debug] [2023-08-27T01:13:05.451Z] <<< [apiv2][body] POST https://upload-firebasehosting.googleapis.com/upload/sites/syncs-hack-2023/versions/668c0e965276b65f/files/5104ced4bd16e4543d376c00d97c28be2b1ff9a587e4c4c5b9db377b278beb0e [stream]
[debug] [2023-08-27T01:13:05.806Z] <<< [apiv2][status] POST https://upload-firebasehosting.googleapis.com/upload/sites/syncs-hack-2023/versions/668c0e965276b65f/files/a06820aa75c56bd8f5ef7a5f13aec34885fe706c29156d95a5882ab737033532 200
[debug] [2023-08-27T01:13:05.806Z] <<< [apiv2][body] POST https://upload-firebasehosting.googleapis.com/upload/sites/syncs-hack-2023/versions/668c0e965276b65f/files/a06820aa75c56bd8f5ef7a5f13aec34885fe706c29156d95a5882ab737033532 [stream]
[debug] [2023-08-27T01:13:05.827Z] <<< [apiv2][status] POST https://upload-firebasehosting.googleapis.com/upload/sites/syncs-hack-2023/versions/668c0e965276b65f/files/33a7f64f54f7db4c435723ae3cb5ba736786a77ca3fbea157615e9503a673419 200
[debug] [2023-08-27T01:13:05.827Z] <<< [apiv2][body] POST https://upload-firebasehosting.googleapis.com/upload/sites/syncs-hack-2023/versions/668c0e965276b65f/files/33a7f64f54f7db4c435723ae3cb5ba736786a77ca3fbea157615e9503a673419 [stream]
[debug] [2023-08-27T01:13:05.827Z] <<< [apiv2][status] POST https://upload-firebasehosting.googleapis.com/upload/sites/syncs-hack-2023/versions/668c0e965276b65f/files/b6d0ddfff30e5bc155a59943019bf2613d4d994ecd996d414b5b84dd21a5ba13 200
[debug] [2023-08-27T01:13:05.827Z] <<< [apiv2][body] POST https://upload-firebasehosting.googleapis.com/upload/sites/syncs-hack-2023/versions/668c0e965276b65f/files/b6d0ddfff30e5bc155a59943019bf2613d4d994ecd996d414b5b84dd21a5ba13 [stream]
[debug] [2023-08-27T01:13:05.832Z] <<< [apiv2][status] POST https://upload-firebasehosting.googleapis.com/upload/sites/syncs-hack-2023/versions/668c0e965276b65f/files/5897c56a1a4398ee483d77d79e5cee90584561cf6334c363030ac2a02260e680 200
[debug] [2023-08-27T01:13:05.832Z] <<< [apiv2][body] POST https://upload-firebasehosting.googleapis.com/upload/sites/syncs-hack-2023/versions/668c0e965276b65f/files/5897c56a1a4398ee483d77d79e5cee90584561cf6334c363030ac2a02260e680 [stream]
[debug] [2023-08-27T01:13:05.848Z] <<< [apiv2][status] POST https://upload-firebasehosting.googleapis.com/upload/sites/syncs-hack-2023/versions/668c0e965276b65f/files/9a9db7438f0b8ff1325188be57a902c328c193fbdaeed6a72bde0558b7412888 200
[debug] [2023-08-27T01:13:05.848Z] <<< [apiv2][body] POST https://upload-firebasehosting.googleapis.com/upload/sites/syncs-hack-2023/versions/668c0e965276b65f/files/9a9db7438f0b8ff1325188be57a902c328c193fbdaeed6a72bde0558b7412888 [stream]
[debug] [2023-08-27T01:13:05.885Z] <<< [apiv2][status] POST https://upload-firebasehosting.googleapis.com/upload/sites/syncs-hack-2023/versions/668c0e965276b65f/files/38e7b565aeddc4ca70470e1ea7f0c72a8f3270fa55e22016ab716d0de9e68dd2 200
[debug] [2023-08-27T01:13:05.886Z] <<< [apiv2][body] POST https://upload-firebasehosting.googleapis.com/upload/sites/syncs-hack-2023/versions/668c0e965276b65f/files/38e7b565aeddc4ca70470e1ea7f0c72a8f3270fa55e22016ab716d0de9e68dd2 [stream]
[debug] [2023-08-27T01:13:05.889Z] <<< [apiv2][status] POST https://upload-firebasehosting.googleapis.com/upload/sites/syncs-hack-2023/versions/668c0e965276b65f/files/b4979fa62cb6457171fdceb6104908439af67e4f15358907d2b1b119f165da48 200
[debug] [2023-08-27T01:13:05.889Z] <<< [apiv2][body] POST https://upload-firebasehosting.googleapis.com/upload/sites/syncs-hack-2023/versions/668c0e965276b65f/files/b4979fa62cb6457171fdceb6104908439af67e4f15358907d2b1b119f165da48 [stream]
[debug] [2023-08-27T01:13:05.936Z] <<< [apiv2][status] POST https://upload-firebasehosting.googleapis.com/upload/sites/syncs-hack-2023/versions/668c0e965276b65f/files/7fa43552db65d34af1316da3b9487b9f689a66166712151d72006669947d974f 200
[debug] [2023-08-27T01:13:05.937Z] <<< [apiv2][body] POST https://upload-firebasehosting.googleapis.com/upload/sites/syncs-hack-2023/versions/668c0e965276b65f/files/7fa43552db65d34af1316da3b9487b9f689a66166712151d72006669947d974f [stream]
[debug] [2023-08-27T01:13:06.397Z] <<< [apiv2][status] POST https://upload-firebasehosting.googleapis.com/upload/sites/syncs-hack-2023/versions/668c0e965276b65f/files/0a4e74636c07a63523c4c414834e9ce932e8852ed133030a92aaaed3d2677f53 200
[debug] [2023-08-27T01:13:06.397Z] <<< [apiv2][body] POST https://upload-firebasehosting.googleapis.com/upload/sites/syncs-hack-2023/versions/668c0e965276b65f/files/0a4e74636c07a63523c4c414834e9ce932e8852ed133030a92aaaed3d2677f53 [stream]
[debug] [2023-08-27T01:13:06.468Z] <<< [apiv2][status] POST https://upload-firebasehosting.googleapis.com/upload/sites/syncs-hack-2023/versions/668c0e965276b65f/files/6ce5e7032583f88a0de2a505268973a314c69216f7129dac0b91f6c9c9e76e98 200
[debug] [2023-08-27T01:13:06.469Z] <<< [apiv2][body] POST https://upload-firebasehosting.googleapis.com/upload/sites/syncs-hack-2023/versions/668c0e965276b65f/files/6ce5e7032583f88a0de2a505268973a314c69216f7129dac0b91f6c9c9e76e98 [stream]
[debug] [2023-08-27T01:13:06.514Z] <<< [apiv2][status] POST https://upload-firebasehosting.googleapis.com/upload/sites/syncs-hack-2023/versions/668c0e965276b65f/files/620834585b8688782f4c95d4111832656109f4484b5cbd3fb4fa14bb95bf21b7 200
[debug] [2023-08-27T01:13:06.515Z] <<< [apiv2][body] POST https://upload-firebasehosting.googleapis.com/upload/sites/syncs-hack-2023/versions/668c0e965276b65f/files/620834585b8688782f4c95d4111832656109f4484b5cbd3fb4fa14bb95bf21b7 [stream]
[debug] [2023-08-27T01:13:06.520Z] <<< [apiv2][status] POST https://upload-firebasehosting.googleapis.com/upload/sites/syncs-hack-2023/versions/668c0e965276b65f/files/80b6bd3d309efef21bdba5af291eb5b45352810f3bcd04d615d7cd19e296b57b 200
[debug] [2023-08-27T01:13:06.521Z] <<< [apiv2][body] POST https://upload-firebasehosting.googleapis.com/upload/sites/syncs-hack-2023/versions/668c0e965276b65f/files/80b6bd3d309efef21bdba5af291eb5b45352810f3bcd04d615d7cd19e296b57b [stream]
[debug] [2023-08-27T01:13:06.543Z] <<< [apiv2][status] POST https://upload-firebasehosting.googleapis.com/upload/sites/syncs-hack-2023/versions/668c0e965276b65f/files/b9842db8801c149afb8eabc36f524234770732429ce1dd6d043da09dea56171e 200
[debug] [2023-08-27T01:13:06.543Z] <<< [apiv2][body] POST https://upload-firebasehosting.googleapis.com/upload/sites/syncs-hack-2023/versions/668c0e965276b65f/files/b9842db8801c149afb8eabc36f524234770732429ce1dd6d043da09dea56171e [stream]
[debug] [2023-08-27T01:13:06.558Z] <<< [apiv2][status] POST https://upload-firebasehosting.googleapis.com/upload/sites/syncs-hack-2023/versions/668c0e965276b65f/files/9edaf4101fe00001236970c2d20564b020815b06ebdc1e9a6c3484b2ffc19c83 200
[debug] [2023-08-27T01:13:06.558Z] <<< [apiv2][body] POST https://upload-firebasehosting.googleapis.com/upload/sites/syncs-hack-2023/versions/668c0e965276b65f/files/9edaf4101fe00001236970c2d20564b020815b06ebdc1e9a6c3484b2ffc19c83 [stream]
[debug] [2023-08-27T01:13:06.581Z] <<< [apiv2][status] POST https://upload-firebasehosting.googleapis.com/upload/sites/syncs-hack-2023/versions/668c0e965276b65f/files/a421878bd40dec8e1be4a2105b741f0bbfbc6df3966ea9cea340afc98a11da17 200
[debug] [2023-08-27T01:13:06.581Z] <<< [apiv2][body] POST https://upload-firebasehosting.googleapis.com/upload/sites/syncs-hack-2023/versions/668c0e965276b65f/files/a421878bd40dec8e1be4a2105b741f0bbfbc6df3966ea9cea340afc98a11da17 [stream]
[debug] [2023-08-27T01:13:06.858Z] <<< [apiv2][status] POST https://upload-firebasehosting.googleapis.com/upload/sites/syncs-hack-2023/versions/668c0e965276b65f/files/e1d3e63b1f9c680a13634420de9ebedee0215e1df7d09e09fd754acf7e65732b 200
[debug] [2023-08-27T01:13:06.858Z] <<< [apiv2][body] POST https://upload-firebasehosting.googleapis.com/upload/sites/syncs-hack-2023/versions/668c0e965276b65f/files/e1d3e63b1f9c680a13634420de9ebedee0215e1df7d09e09fd754acf7e65732b [stream]
[debug] [2023-08-27T01:13:06.859Z] [hosting][upload queue][FINAL] {"max":3144,"min":1559,"avg":2218.521739130435,"active":0,"complete":23,"success":23,"errored":0,"retried":0,"total":23,"elapsed":3146}
[info] ✔  hosting[syncs-hack-2023]: file upload complete 
[debug] [2023-08-27T01:13:06.860Z] [hosting] deploy completed after 4641ms
[info] i  functions: updating Node.js 18 function firebase-frameworks-syncs-hack-2023:ssrsyncshack2023(asia-east1)... 
[debug] [2023-08-27T01:13:06.871Z] >>> [apiv2][query] PATCH https://cloudfunctions.googleapis.com/v2/projects/syncs-hack-2023/locations/asia-east1/functions/ssrsyncshack2023 updateMask=name%2CbuildConfig.runtime%2CbuildConfig.entryPoint%2CbuildConfig.source.storageSource.bucket%2CbuildConfig.source.storageSource.object%2CbuildConfig.environmentVariables%2CserviceConfig.environmentVariables%2CserviceConfig.ingressSettings%2CserviceConfig.timeoutSeconds%2CserviceConfig.serviceAccountEmail%2CserviceConfig.availableMemory%2CserviceConfig.minInstanceCount%2CserviceConfig.maxInstanceCount%2CserviceConfig.maxInstanceRequestConcurrency%2CserviceConfig.availableCpu%2CserviceConfig.vpcConnector%2CserviceConfig.vpcConnectorEgressSettings%2Clabels%2CbuildConfig.buildEnvironmentVariables
[debug] [2023-08-27T01:13:06.871Z] >>> [apiv2][body] PATCH https://cloudfunctions.googleapis.com/v2/projects/syncs-hack-2023/locations/asia-east1/functions/ssrsyncshack2023 {"name":"projects/syncs-hack-2023/locations/asia-east1/functions/ssrsyncshack2023","buildConfig":{"runtime":"nodejs18","entryPoint":"ssrsyncshack2023","source":{"storageSource":{"bucket":"gcf-v2-uploads-889434581645-asia-east1","object":"dd2fc959-95d1-4450-a808-75e80b3a37fd.zip"}},"environmentVariables":{"GOOGLE_NODE_RUN_SCRIPTS":""}},"serviceConfig":{"environmentVariables":{"__FIREBASE_FRAMEWORKS_ENTRY__":"sveltekit","__FIREBASE_DEFAULTS__":"{\"config\":{\"projectId\":\"syncs-hack-2023\",\"appId\":\"1:889434581645:web:c6e07f55241380373d50c4\",\"storageBucket\":\"syncs-hack-2023.appspot.com\",\"locationId\":\"asia-east1\",\"apiKey\":\"AIzaSyB54nr8Kf0B93FP5lCM_u0q0S6KnetybzM\",\"authDomain\":\"syncs-hack-2023.firebaseapp.com\",\"messagingSenderId\":\"889434581645\",\"measurementId\":\"G-1TNP3QXPE0\"},\"_authTokenSyncURL\":\"/__session\"}","FIREBASE_CONFIG":"{\"projectId\":\"syncs-hack-2023\",\"storageBucket\":\"syncs-hack-2023.appspot.com\",\"locationId\":\"asia-east1\"}","GCLOUD_PROJECT":"syncs-hack-2023","EVENTARC_CLOUD_EVENT_SOURCE":"projects/syncs-hack-2023/locations/asia-east1/services/ssrsyncshack2023"},"ingressSettings":null,"timeoutSeconds":null,"serviceAccountEmail":null,"availableMemory":"256Mi","minInstanceCount":null,"maxInstanceCount":null,"maxInstanceRequestConcurrency":80,"availableCpu":"1","vpcConnector":null,"vpcConnectorEgressSettings":null},"labels":{"deployment-tool":"cli-firebase","firebase-functions-codebase":"firebase-frameworks-syncs-hack-2023","firebase-functions-hash":"3d9df8f795a9ec871067311ac950f241092deae9"}}
[debug] [2023-08-27T01:13:08.155Z] <<< [apiv2][status] PATCH https://cloudfunctions.googleapis.com/v2/projects/syncs-hack-2023/locations/asia-east1/functions/ssrsyncshack2023 200
[debug] [2023-08-27T01:13:08.155Z] <<< [apiv2][body] PATCH https://cloudfunctions.googleapis.com/v2/projects/syncs-hack-2023/locations/asia-east1/functions/ssrsyncshack2023 {"name":"projects/syncs-hack-2023/locations/asia-east1/operations/operation-1693098787328-603dd47c9d274-9b855f7f-69228639","metadata":{"@type":"type.googleapis.com/google.cloud.functions.v2.OperationMetadata","createTime":"2023-08-27T01:13:08.073825988Z","target":"projects/syncs-hack-2023/locations/asia-east1/functions/ssrsyncshack2023","verb":"update","cancelRequested":false,"apiVersion":"v2"},"done":false}
[debug] [2023-08-27T01:13:08.156Z] >>> [apiv2][query] GET https://cloudfunctions.googleapis.com/v2/projects/syncs-hack-2023/locations/asia-east1/operations/operation-1693098787328-603dd47c9d274-9b855f7f-69228639 [none]
[debug] [2023-08-27T01:13:08.814Z] <<< [apiv2][status] GET https://cloudfunctions.googleapis.com/v2/projects/syncs-hack-2023/locations/asia-east1/operations/operation-1693098787328-603dd47c9d274-9b855f7f-69228639 200
[debug] [2023-08-27T01:13:08.814Z] <<< [apiv2][body] GET https://cloudfunctions.googleapis.com/v2/projects/syncs-hack-2023/locations/asia-east1/operations/operation-1693098787328-603dd47c9d274-9b855f7f-69228639 {"name":"projects/syncs-hack-2023/locations/asia-east1/operations/operation-1693098787328-603dd47c9d274-9b855f7f-69228639","metadata":{"@type":"type.googleapis.com/google.cloud.functions.v2.OperationMetadata","createTime":"2023-08-27T01:13:08.073825988Z","target":"projects/syncs-hack-2023/locations/asia-east1/functions/ssrsyncshack2023","verb":"update","cancelRequested":false,"apiVersion":"v2","requestResource":{"@type":"type.googleapis.com/google.cloud.functions.v2.Function","name":"projects/syncs-hack-2023/locations/asia-east1/functions/ssrsyncshack2023","buildConfig":{"runtime":"nodejs18","entryPoint":"ssrsyncshack2023","source":{"storageSource":{"bucket":"gcf-v2-sources-889434581645-asia-east1","object":"ssrsyncshack2023/function-source.zip","generation":"1693098788043698"}},"environmentVariables":{"GOOGLE_NODE_RUN_SCRIPTS":""},"sourceProvenance":{"resolvedStorageSource":{"bucket":"gcf-v2-sources-889434581645-asia-east1","object":"ssrsyncshack2023/function-source.zip","generation":"1693097380019775"}}},"serviceConfig":{"service":"projects/syncs-hack-2023/locations/asia-east1/services/ssrsyncshack2023","timeoutSeconds":60,"environmentVariables":{"__FIREBASE_FRAMEWORKS_ENTRY__":"sveltekit","__FIREBASE_DEFAULTS__":"{\"config\":{\"projectId\":\"syncs-hack-2023\",\"appId\":\"1:889434581645:web:c6e07f55241380373d50c4\",\"storageBucket\":\"syncs-hack-2023.appspot.com\",\"locationId\":\"asia-east1\",\"apiKey\":\"AIzaSyB54nr8Kf0B93FP5lCM_u0q0S6KnetybzM\",\"authDomain\":\"syncs-hack-2023.firebaseapp.com\",\"messagingSenderId\":\"889434581645\",\"measurementId\":\"G-1TNP3QXPE0\"},\"_authTokenSyncURL\":\"/__session\"}","FIREBASE_CONFIG":"{\"projectId\":\"syncs-hack-2023\",\"storageBucket\":\"syncs-hack-2023.appspot.com\",\"locationId\":\"asia-east1\"}","GCLOUD_PROJECT":"syncs-hack-2023","EVENTARC_CLOUD_EVENT_SOURCE":"projects/syncs-hack-2023/locations/asia-east1/services/ssrsyncshack2023"},"maxInstanceCount":100,"ingressSettings":"ALLOW_ALL","uri":"https://ssrsyncshack2023-mkmjmbqdoa-de.a.run.app","serviceAccountEmail":"889434581645-compute@developer.gserviceaccount.com","availableMemory":"256Mi","allTrafficOnLatestRevision":true,"revision":"ssrsyncshack2023-00033-nem","maxInstanceRequestConcurrency":80,"availableCpu":"1"},"state":"ACTIVE","labels":{"deployment-tool":"cloudfunctions","firebase-functions-codebase":"firebase-frameworks-syncs-hack-2023","firebase-functions-hash":"3d9df8f795a9ec871067311ac950f241092deae9"},"environment":"GEN_2","url":"https://asia-east1-syncs-hack-2023.cloudfunctions.net/ssrsyncshack2023"},"stages":[{"name":"BUILD","state":"NOT_STARTED"},{"name":"SERVICE","state":"NOT_STARTED"}]},"done":false}
[debug] [2023-08-27T01:13:09.315Z] [update-firebase-frameworks-syncs-hack-2023-asia-east1-ssrsyncshack2023] Retrying task index 0
[debug] [2023-08-27T01:13:09.316Z] >>> [apiv2][query] GET https://cloudfunctions.googleapis.com/v2/projects/syncs-hack-2023/locations/asia-east1/operations/operation-1693098787328-603dd47c9d274-9b855f7f-69228639 [none]
[debug] [2023-08-27T01:13:09.988Z] <<< [apiv2][status] GET https://cloudfunctions.googleapis.com/v2/projects/syncs-hack-2023/locations/asia-east1/operations/operation-1693098787328-603dd47c9d274-9b855f7f-69228639 200
[debug] [2023-08-27T01:13:09.988Z] <<< [apiv2][body] GET https://cloudfunctions.googleapis.com/v2/projects/syncs-hack-2023/locations/asia-east1/operations/operation-1693098787328-603dd47c9d274-9b855f7f-69228639 {"name":"projects/syncs-hack-2023/locations/asia-east1/operations/operation-1693098787328-603dd47c9d274-9b855f7f-69228639","metadata":{"@type":"type.googleapis.com/google.cloud.functions.v2.OperationMetadata","createTime":"2023-08-27T01:13:08.073825988Z","target":"projects/syncs-hack-2023/locations/asia-east1/functions/ssrsyncshack2023","verb":"update","cancelRequested":false,"apiVersion":"v2","requestResource":{"@type":"type.googleapis.com/google.cloud.functions.v2.Function","name":"projects/syncs-hack-2023/locations/asia-east1/functions/ssrsyncshack2023","buildConfig":{"runtime":"nodejs18","entryPoint":"ssrsyncshack2023","source":{"storageSource":{"bucket":"gcf-v2-sources-889434581645-asia-east1","object":"ssrsyncshack2023/function-source.zip","generation":"1693098788043698"}},"environmentVariables":{"GOOGLE_NODE_RUN_SCRIPTS":""},"sourceProvenance":{"resolvedStorageSource":{"bucket":"gcf-v2-sources-889434581645-asia-east1","object":"ssrsyncshack2023/function-source.zip","generation":"1693097380019775"}}},"serviceConfig":{"service":"projects/syncs-hack-2023/locations/asia-east1/services/ssrsyncshack2023","timeoutSeconds":60,"environmentVariables":{"__FIREBASE_FRAMEWORKS_ENTRY__":"sveltekit","__FIREBASE_DEFAULTS__":"{\"config\":{\"projectId\":\"syncs-hack-2023\",\"appId\":\"1:889434581645:web:c6e07f55241380373d50c4\",\"storageBucket\":\"syncs-hack-2023.appspot.com\",\"locationId\":\"asia-east1\",\"apiKey\":\"AIzaSyB54nr8Kf0B93FP5lCM_u0q0S6KnetybzM\",\"authDomain\":\"syncs-hack-2023.firebaseapp.com\",\"messagingSenderId\":\"889434581645\",\"measurementId\":\"G-1TNP3QXPE0\"},\"_authTokenSyncURL\":\"/__session\"}","FIREBASE_CONFIG":"{\"projectId\":\"syncs-hack-2023\",\"storageBucket\":\"syncs-hack-2023.appspot.com\",\"locationId\":\"asia-east1\"}","GCLOUD_PROJECT":"syncs-hack-2023","EVENTARC_CLOUD_EVENT_SOURCE":"projects/syncs-hack-2023/locations/asia-east1/services/ssrsyncshack2023"},"maxInstanceCount":100,"ingressSettings":"ALLOW_ALL","uri":"https://ssrsyncshack2023-mkmjmbqdoa-de.a.run.app","serviceAccountEmail":"889434581645-compute@developer.gserviceaccount.com","availableMemory":"256Mi","allTrafficOnLatestRevision":true,"revision":"ssrsyncshack2023-00033-nem","maxInstanceRequestConcurrency":80,"availableCpu":"1"},"state":"ACTIVE","labels":{"deployment-tool":"cloudfunctions","firebase-functions-codebase":"firebase-frameworks-syncs-hack-2023","firebase-functions-hash":"3d9df8f795a9ec871067311ac950f241092deae9"},"environment":"GEN_2","url":"https://asia-east1-syncs-hack-2023.cloudfunctions.net/ssrsyncshack2023"},"stages":[{"name":"BUILD","message":"Build in progress","state":"IN_PROGRESS","resource":"projects/889434581645/locations/asia-east1/builds/eaff5e5c-17df-4db3-b94e-77a79175d6e7","resourceUri":"https://console.cloud.google.com/cloud-build/builds;region=asia-east1/eaff5e5c-17df-4db3-b94e-77a79175d6e7?project=889434581645"},{"name":"SERVICE","state":"NOT_STARTED"}]},"done":false}
[debug] [2023-08-27T01:13:10.990Z] [update-firebase-frameworks-syncs-hack-2023-asia-east1-ssrsyncshack2023] Retrying task index 0
[debug] [2023-08-27T01:13:10.993Z] >>> [apiv2][query] GET https://cloudfunctions.googleapis.com/v2/projects/syncs-hack-2023/locations/asia-east1/operations/operation-1693098787328-603dd47c9d274-9b855f7f-69228639 [none]
[debug] [2023-08-27T01:13:11.564Z] <<< [apiv2][status] GET https://cloudfunctions.googleapis.com/v2/projects/syncs-hack-2023/locations/asia-east1/operations/operation-1693098787328-603dd47c9d274-9b855f7f-69228639 200
[debug] [2023-08-27T01:13:11.565Z] <<< [apiv2][body] GET https://cloudfunctions.googleapis.com/v2/projects/syncs-hack-2023/locations/asia-east1/operations/operation-1693098787328-603dd47c9d274-9b855f7f-69228639 {"name":"projects/syncs-hack-2023/locations/asia-east1/operations/operation-1693098787328-603dd47c9d274-9b855f7f-69228639","metadata":{"@type":"type.googleapis.com/google.cloud.functions.v2.OperationMetadata","createTime":"2023-08-27T01:13:08.073825988Z","target":"projects/syncs-hack-2023/locations/asia-east1/functions/ssrsyncshack2023","verb":"update","cancelRequested":false,"apiVersion":"v2","requestResource":{"@type":"type.googleapis.com/google.cloud.functions.v2.Function","name":"projects/syncs-hack-2023/locations/asia-east1/functions/ssrsyncshack2023","buildConfig":{"runtime":"nodejs18","entryPoint":"ssrsyncshack2023","source":{"storageSource":{"bucket":"gcf-v2-sources-889434581645-asia-east1","object":"ssrsyncshack2023/function-source.zip","generation":"1693098788043698"}},"environmentVariables":{"GOOGLE_NODE_RUN_SCRIPTS":""},"sourceProvenance":{"resolvedStorageSource":{"bucket":"gcf-v2-sources-889434581645-asia-east1","object":"ssrsyncshack2023/function-source.zip","generation":"1693097380019775"}}},"serviceConfig":{"service":"projects/syncs-hack-2023/locations/asia-east1/services/ssrsyncshack2023","timeoutSeconds":60,"environmentVariables":{"__FIREBASE_FRAMEWORKS_ENTRY__":"sveltekit","__FIREBASE_DEFAULTS__":"{\"config\":{\"projectId\":\"syncs-hack-2023\",\"appId\":\"1:889434581645:web:c6e07f55241380373d50c4\",\"storageBucket\":\"syncs-hack-2023.appspot.com\",\"locationId\":\"asia-east1\",\"apiKey\":\"AIzaSyB54nr8Kf0B93FP5lCM_u0q0S6KnetybzM\",\"authDomain\":\"syncs-hack-2023.firebaseapp.com\",\"messagingSenderId\":\"889434581645\",\"measurementId\":\"G-1TNP3QXPE0\"},\"_authTokenSyncURL\":\"/__session\"}","FIREBASE_CONFIG":"{\"projectId\":\"syncs-hack-2023\",\"storageBucket\":\"syncs-hack-2023.appspot.com\",\"locationId\":\"asia-east1\"}","GCLOUD_PROJECT":"syncs-hack-2023","EVENTARC_CLOUD_EVENT_SOURCE":"projects/syncs-hack-2023/locations/asia-east1/services/ssrsyncshack2023"},"maxInstanceCount":100,"ingressSettings":"ALLOW_ALL","uri":"https://ssrsyncshack2023-mkmjmbqdoa-de.a.run.app","serviceAccountEmail":"889434581645-compute@developer.gserviceaccount.com","availableMemory":"256Mi","allTrafficOnLatestRevision":true,"revision":"ssrsyncshack2023-00033-nem","maxInstanceRequestConcurrency":80,"availableCpu":"1"},"state":"ACTIVE","labels":{"deployment-tool":"cloudfunctions","firebase-functions-codebase":"firebase-frameworks-syncs-hack-2023","firebase-functions-hash":"3d9df8f795a9ec871067311ac950f241092deae9"},"environment":"GEN_2","url":"https://asia-east1-syncs-hack-2023.cloudfunctions.net/ssrsyncshack2023"},"stages":[{"name":"BUILD","message":"Build in progress","state":"IN_PROGRESS","resource":"projects/889434581645/locations/asia-east1/builds/eaff5e5c-17df-4db3-b94e-77a79175d6e7","resourceUri":"https://console.cloud.google.com/cloud-build/builds;region=asia-east1/eaff5e5c-17df-4db3-b94e-77a79175d6e7?project=889434581645"},{"name":"SERVICE","state":"NOT_STARTED"}]},"done":false}
[debug] [2023-08-27T01:13:13.566Z] [update-firebase-frameworks-syncs-hack-2023-asia-east1-ssrsyncshack2023] Retrying task index 0
[debug] [2023-08-27T01:13:13.568Z] >>> [apiv2][query] GET https://cloudfunctions.googleapis.com/v2/projects/syncs-hack-2023/locations/asia-east1/operations/operation-1693098787328-603dd47c9d274-9b855f7f-69228639 [none]
[debug] [2023-08-27T01:13:14.184Z] <<< [apiv2][status] GET https://cloudfunctions.googleapis.com/v2/projects/syncs-hack-2023/locations/asia-east1/operations/operation-1693098787328-603dd47c9d274-9b855f7f-69228639 200
[debug] [2023-08-27T01:13:14.184Z] <<< [apiv2][body] GET https://cloudfunctions.googleapis.com/v2/projects/syncs-hack-2023/locations/asia-east1/operations/operation-1693098787328-603dd47c9d274-9b855f7f-69228639 {"name":"projects/syncs-hack-2023/locations/asia-east1/operations/operation-1693098787328-603dd47c9d274-9b855f7f-69228639","metadata":{"@type":"type.googleapis.com/google.cloud.functions.v2.OperationMetadata","createTime":"2023-08-27T01:13:08.073825988Z","target":"projects/syncs-hack-2023/locations/asia-east1/functions/ssrsyncshack2023","verb":"update","cancelRequested":false,"apiVersion":"v2","requestResource":{"@type":"type.googleapis.com/google.cloud.functions.v2.Function","name":"projects/syncs-hack-2023/locations/asia-east1/functions/ssrsyncshack2023","buildConfig":{"runtime":"nodejs18","entryPoint":"ssrsyncshack2023","source":{"storageSource":{"bucket":"gcf-v2-sources-889434581645-asia-east1","object":"ssrsyncshack2023/function-source.zip","generation":"1693098788043698"}},"environmentVariables":{"GOOGLE_NODE_RUN_SCRIPTS":""},"sourceProvenance":{"resolvedStorageSource":{"bucket":"gcf-v2-sources-889434581645-asia-east1","object":"ssrsyncshack2023/function-source.zip","generation":"1693097380019775"}}},"serviceConfig":{"service":"projects/syncs-hack-2023/locations/asia-east1/services/ssrsyncshack2023","timeoutSeconds":60,"environmentVariables":{"__FIREBASE_FRAMEWORKS_ENTRY__":"sveltekit","__FIREBASE_DEFAULTS__":"{\"config\":{\"projectId\":\"syncs-hack-2023\",\"appId\":\"1:889434581645:web:c6e07f55241380373d50c4\",\"storageBucket\":\"syncs-hack-2023.appspot.com\",\"locationId\":\"asia-east1\",\"apiKey\":\"AIzaSyB54nr8Kf0B93FP5lCM_u0q0S6KnetybzM\",\"authDomain\":\"syncs-hack-2023.firebaseapp.com\",\"messagingSenderId\":\"889434581645\",\"measurementId\":\"G-1TNP3QXPE0\"},\"_authTokenSyncURL\":\"/__session\"}","FIREBASE_CONFIG":"{\"projectId\":\"syncs-hack-2023\",\"storageBucket\":\"syncs-hack-2023.appspot.com\",\"locationId\":\"asia-east1\"}","GCLOUD_PROJECT":"syncs-hack-2023","EVENTARC_CLOUD_EVENT_SOURCE":"projects/syncs-hack-2023/locations/asia-east1/services/ssrsyncshack2023"},"maxInstanceCount":100,"ingressSettings":"ALLOW_ALL","uri":"https://ssrsyncshack2023-mkmjmbqdoa-de.a.run.app","serviceAccountEmail":"889434581645-compute@developer.gserviceaccount.com","availableMemory":"256Mi","allTrafficOnLatestRevision":true,"revision":"ssrsyncshack2023-00033-nem","maxInstanceRequestConcurrency":80,"availableCpu":"1"},"state":"ACTIVE","labels":{"deployment-tool":"cloudfunctions","firebase-functions-codebase":"firebase-frameworks-syncs-hack-2023","firebase-functions-hash":"3d9df8f795a9ec871067311ac950f241092deae9"},"environment":"GEN_2","url":"https://asia-east1-syncs-hack-2023.cloudfunctions.net/ssrsyncshack2023"},"stages":[{"name":"BUILD","message":"Build in progress","state":"IN_PROGRESS","resource":"projects/889434581645/locations/asia-east1/builds/eaff5e5c-17df-4db3-b94e-77a79175d6e7","resourceUri":"https://console.cloud.google.com/cloud-build/builds;region=asia-east1/eaff5e5c-17df-4db3-b94e-77a79175d6e7?project=889434581645"},{"name":"SERVICE","state":"NOT_STARTED"}]},"done":false}
[debug] [2023-08-27T01:13:18.186Z] [update-firebase-frameworks-syncs-hack-2023-asia-east1-ssrsyncshack2023] Retrying task index 0
[debug] [2023-08-27T01:13:18.186Z] >>> [apiv2][query] GET https://cloudfunctions.googleapis.com/v2/projects/syncs-hack-2023/locations/asia-east1/operations/operation-1693098787328-603dd47c9d274-9b855f7f-69228639 [none]
[debug] [2023-08-27T01:13:18.902Z] <<< [apiv2][status] GET https://cloudfunctions.googleapis.com/v2/projects/syncs-hack-2023/locations/asia-east1/operations/operation-1693098787328-603dd47c9d274-9b855f7f-69228639 200
[debug] [2023-08-27T01:13:18.902Z] <<< [apiv2][body] GET https://cloudfunctions.googleapis.com/v2/projects/syncs-hack-2023/locations/asia-east1/operations/operation-1693098787328-603dd47c9d274-9b855f7f-69228639 {"name":"projects/syncs-hack-2023/locations/asia-east1/operations/operation-1693098787328-603dd47c9d274-9b855f7f-69228639","metadata":{"@type":"type.googleapis.com/google.cloud.functions.v2.OperationMetadata","createTime":"2023-08-27T01:13:08.073825988Z","target":"projects/syncs-hack-2023/locations/asia-east1/functions/ssrsyncshack2023","verb":"update","cancelRequested":false,"apiVersion":"v2","requestResource":{"@type":"type.googleapis.com/google.cloud.functions.v2.Function","name":"projects/syncs-hack-2023/locations/asia-east1/functions/ssrsyncshack2023","buildConfig":{"runtime":"nodejs18","entryPoint":"ssrsyncshack2023","source":{"storageSource":{"bucket":"gcf-v2-sources-889434581645-asia-east1","object":"ssrsyncshack2023/function-source.zip","generation":"1693098788043698"}},"environmentVariables":{"GOOGLE_NODE_RUN_SCRIPTS":""},"sourceProvenance":{"resolvedStorageSource":{"bucket":"gcf-v2-sources-889434581645-asia-east1","object":"ssrsyncshack2023/function-source.zip","generation":"1693097380019775"}}},"serviceConfig":{"service":"projects/syncs-hack-2023/locations/asia-east1/services/ssrsyncshack2023","timeoutSeconds":60,"environmentVariables":{"__FIREBASE_FRAMEWORKS_ENTRY__":"sveltekit","__FIREBASE_DEFAULTS__":"{\"config\":{\"projectId\":\"syncs-hack-2023\",\"appId\":\"1:889434581645:web:c6e07f55241380373d50c4\",\"storageBucket\":\"syncs-hack-2023.appspot.com\",\"locationId\":\"asia-east1\",\"apiKey\":\"AIzaSyB54nr8Kf0B93FP5lCM_u0q0S6KnetybzM\",\"authDomain\":\"syncs-hack-2023.firebaseapp.com\",\"messagingSenderId\":\"889434581645\",\"measurementId\":\"G-1TNP3QXPE0\"},\"_authTokenSyncURL\":\"/__session\"}","FIREBASE_CONFIG":"{\"projectId\":\"syncs-hack-2023\",\"storageBucket\":\"syncs-hack-2023.appspot.com\",\"locationId\":\"asia-east1\"}","GCLOUD_PROJECT":"syncs-hack-2023","EVENTARC_CLOUD_EVENT_SOURCE":"projects/syncs-hack-2023/locations/asia-east1/services/ssrsyncshack2023"},"maxInstanceCount":100,"ingressSettings":"ALLOW_ALL","uri":"https://ssrsyncshack2023-mkmjmbqdoa-de.a.run.app","serviceAccountEmail":"889434581645-compute@developer.gserviceaccount.com","availableMemory":"256Mi","allTrafficOnLatestRevision":true,"revision":"ssrsyncshack2023-00033-nem","maxInstanceRequestConcurrency":80,"availableCpu":"1"},"state":"ACTIVE","labels":{"deployment-tool":"cloudfunctions","firebase-functions-codebase":"firebase-frameworks-syncs-hack-2023","firebase-functions-hash":"3d9df8f795a9ec871067311ac950f241092deae9"},"environment":"GEN_2","url":"https://asia-east1-syncs-hack-2023.cloudfunctions.net/ssrsyncshack2023"},"stages":[{"name":"BUILD","message":"Build in progress","state":"IN_PROGRESS","resource":"projects/889434581645/locations/asia-east1/builds/eaff5e5c-17df-4db3-b94e-77a79175d6e7","resourceUri":"https://console.cloud.google.com/cloud-build/builds;region=asia-east1/eaff5e5c-17df-4db3-b94e-77a79175d6e7?project=889434581645"},{"name":"SERVICE","state":"NOT_STARTED"}]},"done":false}
[debug] [2023-08-27T01:13:26.906Z] [update-firebase-frameworks-syncs-hack-2023-asia-east1-ssrsyncshack2023] Retrying task index 0
[debug] [2023-08-27T01:13:26.909Z] >>> [apiv2][query] GET https://cloudfunctions.googleapis.com/v2/projects/syncs-hack-2023/locations/asia-east1/operations/operation-1693098787328-603dd47c9d274-9b855f7f-69228639 [none]
[debug] [2023-08-27T01:13:27.446Z] <<< [apiv2][status] GET https://cloudfunctions.googleapis.com/v2/projects/syncs-hack-2023/locations/asia-east1/operations/operation-1693098787328-603dd47c9d274-9b855f7f-69228639 200
[debug] [2023-08-27T01:13:27.446Z] <<< [apiv2][body] GET https://cloudfunctions.googleapis.com/v2/projects/syncs-hack-2023/locations/asia-east1/operations/operation-1693098787328-603dd47c9d274-9b855f7f-69228639 {"name":"projects/syncs-hack-2023/locations/asia-east1/operations/operation-1693098787328-603dd47c9d274-9b855f7f-69228639","metadata":{"@type":"type.googleapis.com/google.cloud.functions.v2.OperationMetadata","createTime":"2023-08-27T01:13:08.073825988Z","target":"projects/syncs-hack-2023/locations/asia-east1/functions/ssrsyncshack2023","verb":"update","cancelRequested":false,"apiVersion":"v2","requestResource":{"@type":"type.googleapis.com/google.cloud.functions.v2.Function","name":"projects/syncs-hack-2023/locations/asia-east1/functions/ssrsyncshack2023","buildConfig":{"runtime":"nodejs18","entryPoint":"ssrsyncshack2023","source":{"storageSource":{"bucket":"gcf-v2-sources-889434581645-asia-east1","object":"ssrsyncshack2023/function-source.zip","generation":"1693098788043698"}},"environmentVariables":{"GOOGLE_NODE_RUN_SCRIPTS":""},"sourceProvenance":{"resolvedStorageSource":{"bucket":"gcf-v2-sources-889434581645-asia-east1","object":"ssrsyncshack2023/function-source.zip","generation":"1693097380019775"}}},"serviceConfig":{"service":"projects/syncs-hack-2023/locations/asia-east1/services/ssrsyncshack2023","timeoutSeconds":60,"environmentVariables":{"__FIREBASE_FRAMEWORKS_ENTRY__":"sveltekit","__FIREBASE_DEFAULTS__":"{\"config\":{\"projectId\":\"syncs-hack-2023\",\"appId\":\"1:889434581645:web:c6e07f55241380373d50c4\",\"storageBucket\":\"syncs-hack-2023.appspot.com\",\"locationId\":\"asia-east1\",\"apiKey\":\"AIzaSyB54nr8Kf0B93FP5lCM_u0q0S6KnetybzM\",\"authDomain\":\"syncs-hack-2023.firebaseapp.com\",\"messagingSenderId\":\"889434581645\",\"measurementId\":\"G-1TNP3QXPE0\"},\"_authTokenSyncURL\":\"/__session\"}","FIREBASE_CONFIG":"{\"projectId\":\"syncs-hack-2023\",\"storageBucket\":\"syncs-hack-2023.appspot.com\",\"locationId\":\"asia-east1\"}","GCLOUD_PROJECT":"syncs-hack-2023","EVENTARC_CLOUD_EVENT_SOURCE":"projects/syncs-hack-2023/locations/asia-east1/services/ssrsyncshack2023"},"maxInstanceCount":100,"ingressSettings":"ALLOW_ALL","uri":"https://ssrsyncshack2023-mkmjmbqdoa-de.a.run.app","serviceAccountEmail":"889434581645-compute@developer.gserviceaccount.com","availableMemory":"256Mi","allTrafficOnLatestRevision":true,"revision":"ssrsyncshack2023-00033-nem","maxInstanceRequestConcurrency":80,"availableCpu":"1"},"state":"ACTIVE","labels":{"deployment-tool":"cloudfunctions","firebase-functions-codebase":"firebase-frameworks-syncs-hack-2023","firebase-functions-hash":"3d9df8f795a9ec871067311ac950f241092deae9"},"environment":"GEN_2","url":"https://asia-east1-syncs-hack-2023.cloudfunctions.net/ssrsyncshack2023"},"stages":[{"name":"BUILD","message":"Build in progress","state":"IN_PROGRESS","resource":"projects/889434581645/locations/asia-east1/builds/eaff5e5c-17df-4db3-b94e-77a79175d6e7","resourceUri":"https://console.cloud.google.com/cloud-build/builds;region=asia-east1/eaff5e5c-17df-4db3-b94e-77a79175d6e7?project=889434581645"},{"name":"SERVICE","state":"NOT_STARTED"}]},"done":false}
[debug] [2023-08-27T01:13:37.447Z] [update-firebase-frameworks-syncs-hack-2023-asia-east1-ssrsyncshack2023] Retrying task index 0
[debug] [2023-08-27T01:13:37.448Z] >>> [apiv2][query] GET https://cloudfunctions.googleapis.com/v2/projects/syncs-hack-2023/locations/asia-east1/operations/operation-1693098787328-603dd47c9d274-9b855f7f-69228639 [none]
[debug] [2023-08-27T01:13:37.994Z] <<< [apiv2][status] GET https://cloudfunctions.googleapis.com/v2/projects/syncs-hack-2023/locations/asia-east1/operations/operation-1693098787328-603dd47c9d274-9b855f7f-69228639 200
[debug] [2023-08-27T01:13:37.994Z] <<< [apiv2][body] GET https://cloudfunctions.googleapis.com/v2/projects/syncs-hack-2023/locations/asia-east1/operations/operation-1693098787328-603dd47c9d274-9b855f7f-69228639 {"name":"projects/syncs-hack-2023/locations/asia-east1/operations/operation-1693098787328-603dd47c9d274-9b855f7f-69228639","metadata":{"@type":"type.googleapis.com/google.cloud.functions.v2.OperationMetadata","createTime":"2023-08-27T01:13:08.073825988Z","target":"projects/syncs-hack-2023/locations/asia-east1/functions/ssrsyncshack2023","verb":"update","cancelRequested":false,"apiVersion":"v2","requestResource":{"@type":"type.googleapis.com/google.cloud.functions.v2.Function","name":"projects/syncs-hack-2023/locations/asia-east1/functions/ssrsyncshack2023","buildConfig":{"runtime":"nodejs18","entryPoint":"ssrsyncshack2023","source":{"storageSource":{"bucket":"gcf-v2-sources-889434581645-asia-east1","object":"ssrsyncshack2023/function-source.zip","generation":"1693098788043698"}},"environmentVariables":{"GOOGLE_NODE_RUN_SCRIPTS":""},"sourceProvenance":{"resolvedStorageSource":{"bucket":"gcf-v2-sources-889434581645-asia-east1","object":"ssrsyncshack2023/function-source.zip","generation":"1693097380019775"}}},"serviceConfig":{"service":"projects/syncs-hack-2023/locations/asia-east1/services/ssrsyncshack2023","timeoutSeconds":60,"environmentVariables":{"__FIREBASE_FRAMEWORKS_ENTRY__":"sveltekit","__FIREBASE_DEFAULTS__":"{\"config\":{\"projectId\":\"syncs-hack-2023\",\"appId\":\"1:889434581645:web:c6e07f55241380373d50c4\",\"storageBucket\":\"syncs-hack-2023.appspot.com\",\"locationId\":\"asia-east1\",\"apiKey\":\"AIzaSyB54nr8Kf0B93FP5lCM_u0q0S6KnetybzM\",\"authDomain\":\"syncs-hack-2023.firebaseapp.com\",\"messagingSenderId\":\"889434581645\",\"measurementId\":\"G-1TNP3QXPE0\"},\"_authTokenSyncURL\":\"/__session\"}","FIREBASE_CONFIG":"{\"projectId\":\"syncs-hack-2023\",\"storageBucket\":\"syncs-hack-2023.appspot.com\",\"locationId\":\"asia-east1\"}","GCLOUD_PROJECT":"syncs-hack-2023","EVENTARC_CLOUD_EVENT_SOURCE":"projects/syncs-hack-2023/locations/asia-east1/services/ssrsyncshack2023"},"maxInstanceCount":100,"ingressSettings":"ALLOW_ALL","uri":"https://ssrsyncshack2023-mkmjmbqdoa-de.a.run.app","serviceAccountEmail":"889434581645-compute@developer.gserviceaccount.com","availableMemory":"256Mi","allTrafficOnLatestRevision":true,"revision":"ssrsyncshack2023-00033-nem","maxInstanceRequestConcurrency":80,"availableCpu":"1"},"state":"ACTIVE","labels":{"deployment-tool":"cloudfunctions","firebase-functions-codebase":"firebase-frameworks-syncs-hack-2023","firebase-functions-hash":"3d9df8f795a9ec871067311ac950f241092deae9"},"environment":"GEN_2","url":"https://asia-east1-syncs-hack-2023.cloudfunctions.net/ssrsyncshack2023"},"stages":[{"name":"BUILD","message":"Build in progress","state":"IN_PROGRESS","resource":"projects/889434581645/locations/asia-east1/builds/eaff5e5c-17df-4db3-b94e-77a79175d6e7","resourceUri":"https://console.cloud.google.com/cloud-build/builds;region=asia-east1/eaff5e5c-17df-4db3-b94e-77a79175d6e7?project=889434581645"},{"name":"SERVICE","state":"NOT_STARTED"}]},"done":false}
